[hue-alfred-workflow: request(put, /lights/1/state, {"xy": [0.4091, 0.518]}) (2016-11-20-19:46:21)]
[hue-alfred-workflow: request(put, /lights/2/state, {"xy": [0.6663681608216967, 0.3172083097474773]}) (2016-11-20-19:46:21)]
[hue-alfred-workflow: request(put, /lights/3/state, {"xy": [0.4091, 0.518]}) (2016-11-20-19:46:21)]
[hue-alfred-workflow: request(put, /lights/4/state, {"xy": [0.5351759807191141, 0.2443811546511618]}) (2016-11-20-19:46:21)]
[hue-alfred-workflow: request(put, /lights/5/state, {"xy": [0.4219247683062407, 0.18151335563456675]}) (2016-11-20-19:46:21)]
[hue-alfred-workflow: request(put, /lights/6/state, {"xy": [0.4091, 0.518]}) (2016-11-20-19:46:21)]
[hue-alfred-workflow: request(put, /lights/7/state, {"xy": [0.5263477768706093, 0.23948045881399968]}) (2016-11-20-19:46:21)]
[hue-alfred-workflow: request(put, /lights/9/state, {"xy": [0.3228401031992643, 0.1265096635869932]}) (2016-11-20-19:46:21)]
[hue-alfred-workflow: request(put, /lights/1/state, {"xy": [0.18034119828791073, 0.06634073846188071]}) (2016-11-20-19:46:32)]
[hue-alfred-workflow: request(put, /lights/2/state, {"xy": [0.17036528818003271, 0.046644393845748144]}) (2016-11-20-19:46:32)]
[hue-alfred-workflow: request(put, /lights/3/state, {"xy": [0.27971768474301195, 0.26254875385030857]}) (2016-11-20-19:46:32)]
[hue-alfred-workflow: request(put, /lights/4/state, {"xy": [0.4091, 0.518]}) (2016-11-20-19:46:32)]
[hue-alfred-workflow: request(put, /lights/5/state, {"xy": [0.6694432589754928, 0.32570302421003666]}) (2016-11-20-19:46:32)]
[hue-alfred-workflow: request(put, /lights/6/state, {"xy": [0.314426270153672, 0.3310770637482661]}) (2016-11-20-19:46:32)]
[hue-alfred-workflow: request(put, /lights/7/state, {"xy": [0.4091, 0.518]}) (2016-11-20-19:46:33)]
[hue-alfred-workflow: request(put, /lights/9/state, {"xy": [0.167, 0.04]}) (2016-11-20-19:46:33)]
[hue-alfred-workflow: request(put, /lights/1/state, {"xy": [0.34497203532009524, 0.39138633987197646]}) (2016-11-20-19:46:41)]
[hue-alfred-workflow: request(put, /lights/2/state, {"xy": [0.5383811474910571, 0.24616040077259474]}) (2016-11-20-19:46:41)]
[hue-alfred-workflow: request(put, /lights/3/state, {"xy": [0.167, 0.04]}) (2016-11-20-19:46:41)]
[hue-alfred-workflow: request(put, /lights/4/state, {"xy": [0.4091, 0.518]}) (2016-11-20-19:46:41)]
[hue-alfred-workflow: request(put, /lights/5/state, {"xy": [0.44826104328812383, 0.4891336424051438]}) (2016-11-20-19:46:41)]
[hue-alfred-workflow: request(put, /lights/6/state, {"xy": [0.5417449995874861, 0.24802773599147854]}) (2016-11-20-19:46:41)]
[hue-alfred-workflow: request(put, /lights/7/state, {"xy": [0.167, 0.04]}) (2016-11-20-19:46:41)]
[hue-alfred-workflow: request(put, /lights/9/state, {"xy": [0.4091, 0.518]}) (2016-11-20-19:46:41)]
[hue-alfred-workflow: request(put, /lights/1/state, {"xy": [0.4809119816449249, 0.46506600826474137]}) (2016-11-20-19:47:04)]
[hue-alfred-workflow: request(put, /lights/2/state, {"xy": [0.21886234559275383, 0.14239653528846064]}) (2016-11-20-19:47:04)]
[hue-alfred-workflow: request(put, /lights/3/state, {"xy": [0.17619314651036355, 0.058150863411622344]}) (2016-11-20-19:47:04)]
[hue-alfred-workflow: request(put, /lights/4/state, {"xy": [0.4091, 0.518]}) (2016-11-20-19:47:04)]
[hue-alfred-workflow: request(put, /lights/5/state, {"xy": [0.675, 0.322]}) (2016-11-20-19:47:04)]
[hue-alfred-workflow: request(put, /lights/6/state, {"xy": [0.4091, 0.518]}) (2016-11-20-19:47:04)]
[hue-alfred-workflow: request(put, /lights/7/state, {"xy": [0.6069533219565814, 0.28422605667668494]}) (2016-11-20-19:47:04)]
[hue-alfred-workflow: request(put, /lights/9/state, {"xy": [0.4470874327008648, 0.4899987333231685]}) (2016-11-20-19:47:04)]
[hue-alfred-workflow: request(put, /groups/0/action, {"xy": [0.3788720731321219, 0.1719229113013045]}) (2016-11-22-21:57:01)]
[hue-alfred-workflow: request(put, /lights/7/state, {"on": false}) (2016-11-22-21:58:00)]
[hue-alfred-workflow: request(put, /lights/7/state, {"on": true}) (2016-11-22-21:58:13)]
[hue-alfred-workflow: request(put, /lights/7/state, {"xy": [0.167, 0.04]}) (2016-11-22-21:58:19)]
[hue-alfred-workflow: request(put, /lights/1/state, {"on": false}) (2016-11-22-22:17:00)]
[hue-alfred-workflow: request(put, /lights/1/state, {"on": true}) (2016-11-22-22:17:04)]
[hue-alfred-workflow: request(put, /lights/1/state, {"on": false}) (2016-11-22-22:17:14)]
[hue-alfred-workflow: request(put, /lights/1, {"name": "Shelves_"}) (2016-11-22-22:17:21)]
[hue-alfred-workflow: request(put, /lights/1, {"name": "Shelves"}) (2016-11-22-22:17:27)]
[hue-alfred-workflow: request(put, /lights/1/state, {"on": true}) (2016-11-22-22:17:32)]
[hue-alfred-workflow: request(put, /lights/1/state, {"xy": [0.167, 0.04]}) (2016-11-22-22:17:38)]
[hue-alfred-workflow: request(put, /lights/1/state, {"xy": [0.675, 0.322]}) (2016-11-22-22:17:44)]
[hue-alfred-workflow: request(put, /lights/1/state, {"xy": [0.4091, 0.518]}) (2016-11-22-22:17:49)]
[hue-alfred-workflow: request(put, /lights/1/state, {"xy": [0.38265083026053115, 0.159711681365098]}) (2016-11-22-22:18:11)]
[hue-alfred-workflow: request(put, /lights/1/state, {"bri": 2}) (2016-11-22-22:18:18)]
[hue-alfred-workflow: request(put, /lights/1/state, {"effect": "colorloop"}) (2016-11-22-22:18:28)]
[hue-alfred-workflow: request(put, /lights/1/state, {"effect": "none"}) (2016-11-22-22:19:10)]
[hue-alfred-workflow: request(post, /schedules, {"command": {"body": {"alert": "lselect"}, "method": "PUT", "address": "/api/FchKmOFQLsc7WM-WKuOnj-WtzwH0PysceFzTgkty/lights/1/state"}, "name": "Alfred Hue Reminder", "time": "2016-11-23T06:19:23"}) (2016-11-22-22:19:20)]
[hue-alfred-workflow: request(put, /lights/9/state, {"on": true}) (2016-11-22-22:19:55)]
[hue-alfred-workflow: request(put, /lights/4/state, {"on": true}) (2016-11-22-22:19:59)]
[hue-alfred-workflow: request(put, /lights/5/state, {"on": true}) (2016-11-22-22:20:03)]
[hue-alfred-workflow: request(put, /lights/1/state, {"xy": [0.402, 0.3768]}) (2016-11-22-22:30:45)]
[hue-alfred-workflow: request(put, /lights/2/state, {"xy": [0.4448, 0.4066]}) (2016-11-22-22:30:45)]
[hue-alfred-workflow: request(put, /lights/3/state, {"xy": [0.4449, 0.4066]}) (2016-11-22-22:30:45)]
[hue-alfred-workflow: request(put, /lights/4/state, {"xy": [0.167, 0.04]}) (2016-11-22-22:30:45)]
[hue-alfred-workflow: request(put, /lights/5/state, {"xy": [0.3827, 0.1597]}) (2016-11-22-22:30:45)]
[hue-alfred-workflow: request(put, /lights/6/state, {"xy": [0.402, 0.3768]}) (2016-11-22-22:30:45)]
[hue-alfred-workflow: request(put, /lights/7/state, {"xy": [0.402, 0.3768]}) (2016-11-22-22:30:45)]
[hue-alfred-workflow: request(put, /lights/9/state, {"xy": [0.4448, 0.4066]}) (2016-11-22-22:30:45)]
[hue-alfred-workflow: request(put, /lights/1/state, {"xy": [0.402, 0.3768]}) (2016-11-22-22:31:01)]
[hue-alfred-workflow: request(put, /lights/2/state, {"xy": [0.402, 0.3768]}) (2016-11-22-22:31:01)]
[hue-alfred-workflow: request(put, /lights/3/state, {"xy": [0.402, 0.3768]}) (2016-11-22-22:31:01)]
[hue-alfred-workflow: request(put, /lights/4/state, {"xy": [0.4449, 0.4066]}) (2016-11-22-22:31:01)]
[hue-alfred-workflow: request(put, /lights/5/state, {"xy": [0.402, 0.3768]}) (2016-11-22-22:31:01)]
[hue-alfred-workflow: request(put, /lights/6/state, {"xy": [0.4448, 0.4066]}) (2016-11-22-22:31:01)]
[hue-alfred-workflow: request(put, /lights/7/state, {"xy": [0.402, 0.3768]}) (2016-11-22-22:31:01)]
[hue-alfred-workflow: request(put, /lights/9/state, {"xy": [0.402, 0.3768]}) (2016-11-22-22:31:01)]
[hue-alfred-workflow: request(put, /lights/1/state, {"xy": [0.4448, 0.4066]}) (2016-11-22-22:31:07)]
[hue-alfred-workflow: request(put, /lights/2/state, {"xy": [0.402, 0.3768]}) (2016-11-22-22:31:07)]
[hue-alfred-workflow: request(put, /lights/3/state, {"xy": [0.402, 0.3768]}) (2016-11-22-22:31:07)]
[hue-alfred-workflow: request(put, /lights/4/state, {"xy": [0.402, 0.3768]}) (2016-11-22-22:31:07)]
[hue-alfred-workflow: request(put, /lights/5/state, {"xy": [0.402, 0.3768]}) (2016-11-22-22:31:07)]
[hue-alfred-workflow: request(put, /lights/6/state, {"xy": [0.402, 0.3768]}) (2016-11-22-22:31:07)]
[hue-alfred-workflow: request(put, /lights/7/state, {"xy": [0.402, 0.3768]}) (2016-11-22-22:31:07)]
[hue-alfred-workflow: request(put, /lights/9/state, {"xy": [0.402, 0.3768]}) (2016-11-22-22:31:07)]
[hue-alfred-workflow: request(put, /lights/1/state, {"xy": [0.402, 0.3768]}) (2016-11-22-22:31:12)]
[hue-alfred-workflow: request(put, /lights/2/state, {"xy": [0.4448, 0.4066]}) (2016-11-22-22:31:12)]
[hue-alfred-workflow: request(put, /lights/3/state, {"xy": [0.402, 0.3768]}) (2016-11-22-22:31:12)]
[hue-alfred-workflow: request(put, /lights/4/state, {"xy": [0.402, 0.3768]}) (2016-11-22-22:31:12)]
[hue-alfred-workflow: request(put, /lights/5/state, {"xy": [0.402, 0.3768]}) (2016-11-22-22:31:12)]
[hue-alfred-workflow: request(put, /lights/6/state, {"xy": [0.402, 0.3768]}) (2016-11-22-22:31:12)]
[hue-alfred-workflow: request(put, /lights/7/state, {"xy": [0.402, 0.3768]}) (2016-11-22-22:31:12)]
[hue-alfred-workflow: request(put, /lights/9/state, {"xy": [0.402, 0.3768]}) (2016-11-22-22:31:12)]
[hue-alfred-workflow: request(put, /lights/1/state, {"xy": [0.675, 0.322]}) (2016-11-22-22:31:18)]
[hue-alfred-workflow: request(put, /lights/2/state, {"xy": [0.6380015691106604, 0.3492722544351657]}) (2016-11-22-22:31:18)]
[hue-alfred-workflow: request(put, /lights/3/state, {"xy": [0.2872991372772481, 0.1095638192940214]}) (2016-11-22-22:31:18)]
[hue-alfred-workflow: request(put, /lights/4/state, {"xy": [0.5105991647264564, 0.4431830150944511]}) (2016-11-22-22:31:18)]
[hue-alfred-workflow: request(put, /lights/5/state, {"xy": [0.167, 0.04]}) (2016-11-22-22:31:18)]
[hue-alfred-workflow: request(put, /lights/6/state, {"xy": [0.4091, 0.518]}) (2016-11-22-22:31:18)]
[hue-alfred-workflow: request(put, /lights/7/state, {"xy": [0.26411730151494395, 0.23174750154540763]}) (2016-11-22-22:31:18)]
[hue-alfred-workflow: request(put, /lights/9/state, {"xy": [0.4091, 0.518]}) (2016-11-22-22:31:18)]
[hue-alfred-workflow: request(put, /lights/1/state, {"xy": [0.2641, 0.2318]}) (2016-11-22-22:31:23)]
[hue-alfred-workflow: request(put, /lights/2/state, {"xy": [0.638, 0.3493]}) (2016-11-22-22:31:23)]
[hue-alfred-workflow: request(put, /lights/3/state, {"xy": [0.675, 0.322]}) (2016-11-22-22:31:23)]
[hue-alfred-workflow: request(put, /lights/4/state, {"xy": [0.402, 0.3768]}) (2016-11-22-22:31:23)]
[hue-alfred-workflow: request(put, /lights/5/state, {"xy": [0.402, 0.3768]}) (2016-11-22-22:31:23)]
[hue-alfred-workflow: request(put, /lights/6/state, {"xy": [0.402, 0.3768]}) (2016-11-22-22:31:23)]
[hue-alfred-workflow: request(put, /lights/7/state, {"xy": [0.4091, 0.518]}) (2016-11-22-22:31:23)]
[hue-alfred-workflow: request(put, /lights/9/state, {"xy": [0.2873, 0.1096]}) (2016-11-22-22:31:23)]
[hue-alfred-workflow: request(put, /lights/1/state, {"xy": [0.402, 0.3768]}) (2016-11-22-22:31:27)]
[hue-alfred-workflow: request(put, /lights/2/state, {"xy": [0.2641, 0.2318]}) (2016-11-22-22:31:27)]
[hue-alfred-workflow: request(put, /lights/3/state, {"xy": [0.402, 0.3768]}) (2016-11-22-22:31:27)]
[hue-alfred-workflow: request(put, /lights/4/state, {"xy": [0.4091, 0.518]}) (2016-11-22-22:31:27)]
[hue-alfred-workflow: request(put, /lights/5/state, {"xy": [0.675, 0.322]}) (2016-11-22-22:31:28)]
[hue-alfred-workflow: request(put, /lights/6/state, {"xy": [0.402, 0.3768]}) (2016-11-22-22:31:28)]
[hue-alfred-workflow: request(put, /lights/7/state, {"xy": [0.402, 0.3768]}) (2016-11-22-22:31:28)]
[hue-alfred-workflow: request(put, /lights/9/state, {"xy": [0.638, 0.3493]}) (2016-11-22-22:31:28)]
[hue-alfred-workflow: request(put, /lights/1/state, {"xy": [0.402, 0.3768]}) (2016-11-22-22:31:33)]
[hue-alfred-workflow: request(put, /lights/2/state, {"xy": [0.402, 0.3768]}) (2016-11-22-22:31:33)]
[hue-alfred-workflow: request(put, /lights/3/state, {"xy": [0.402, 0.3768]}) (2016-11-22-22:31:33)]
[hue-alfred-workflow: request(put, /lights/4/state, {"xy": [0.402, 0.3768]}) (2016-11-22-22:31:33)]
[hue-alfred-workflow: request(put, /lights/5/state, {"xy": [0.402, 0.3768]}) (2016-11-22-22:31:33)]
[hue-alfred-workflow: request(put, /lights/6/state, {"xy": [0.402, 0.3768]}) (2016-11-22-22:31:33)]
[hue-alfred-workflow: request(put, /lights/7/state, {"xy": [0.2641, 0.2318]}) (2016-11-22-22:31:33)]
[hue-alfred-workflow: request(put, /lights/9/state, {"xy": [0.402, 0.3768]}) (2016-11-22-22:31:33)]
[hue-alfred-workflow: request(put, /lights/1/state, {"xy": [0.402, 0.3768]}) (2016-11-22-22:31:37)]
[hue-alfred-workflow: request(put, /lights/2/state, {"xy": [0.402, 0.3768]}) (2016-11-22-22:31:37)]
[hue-alfred-workflow: request(put, /lights/3/state, {"xy": [0.402, 0.3768]}) (2016-11-22-22:31:37)]
[hue-alfred-workflow: request(put, /lights/4/state, {"xy": [0.2641, 0.2318]}) (2016-11-22-22:31:37)]
[hue-alfred-workflow: request(put, /lights/5/state, {"xy": [0.402, 0.3768]}) (2016-11-22-22:31:37)]
[hue-alfred-workflow: request(put, /lights/6/state, {"xy": [0.402, 0.3768]}) (2016-11-22-22:31:37)]
[hue-alfred-workflow: request(put, /lights/7/state, {"xy": [0.402, 0.3768]}) (2016-11-22-22:31:37)]
[hue-alfred-workflow: request(put, /lights/9/state, {"xy": [0.402, 0.3768]}) (2016-11-22-22:31:37)]
[hue-alfred-workflow: request(put, /lights/1/state, {"xy": [0.402, 0.3768]}) (2016-11-22-22:31:40)]
[hue-alfred-workflow: request(put, /lights/2/state, {"xy": [0.402, 0.3768]}) (2016-11-22-22:31:40)]
[hue-alfred-workflow: request(put, /lights/3/state, {"xy": [0.402, 0.3768]}) (2016-11-22-22:31:40)]
[hue-alfred-workflow: request(put, /lights/4/state, {"xy": [0.402, 0.3768]}) (2016-11-22-22:31:40)]
[hue-alfred-workflow: request(put, /lights/5/state, {"xy": [0.402, 0.3768]}) (2016-11-22-22:31:40)]
[hue-alfred-workflow: request(put, /lights/6/state, {"xy": [0.402, 0.3768]}) (2016-11-22-22:31:40)]
[hue-alfred-workflow: request(put, /lights/7/state, {"xy": [0.402, 0.3768]}) (2016-11-22-22:31:40)]
[hue-alfred-workflow: request(put, /lights/9/state, {"xy": [0.402, 0.3768]}) (2016-11-22-22:31:40)]
[hue-alfred-workflow: request(put, /lights/1/state, {"xy": [0.402, 0.3768]}) (2016-11-22-22:31:43)]
[hue-alfred-workflow: request(put, /lights/2/state, {"xy": [0.402, 0.3768]}) (2016-11-22-22:31:43)]
[hue-alfred-workflow: request(put, /lights/3/state, {"xy": [0.402, 0.3768]}) (2016-11-22-22:31:43)]
[hue-alfred-workflow: request(put, /lights/4/state, {"xy": [0.402, 0.3768]}) (2016-11-22-22:31:43)]
[hue-alfred-workflow: request(put, /lights/5/state, {"xy": [0.402, 0.3768]}) (2016-11-22-22:31:43)]
[hue-alfred-workflow: request(put, /lights/6/state, {"xy": [0.402, 0.3768]}) (2016-11-22-22:31:43)]
[hue-alfred-workflow: request(put, /lights/7/state, {"xy": [0.402, 0.3768]}) (2016-11-22-22:31:43)]
[hue-alfred-workflow: request(put, /lights/9/state, {"xy": [0.402, 0.3768]}) (2016-11-22-22:31:43)]
[hue-alfred-workflow: request(put, /groups/0/action, {"xy": [0.7003975825934976, 0.299054944276408]}) (2016-11-22-22:32:25)]
[hue-alfred-workflow: request(put, /lights/1/state, {"xy": [0.7004, 0.2991]}) (2016-11-22-22:32:29)]
[hue-alfred-workflow: request(put, /lights/2/state, {"xy": [0.7004, 0.2991]}) (2016-11-22-22:32:29)]
[hue-alfred-workflow: request(put, /lights/3/state, {"xy": [0.7004, 0.2991]}) (2016-11-22-22:32:29)]
[hue-alfred-workflow: request(put, /lights/4/state, {"xy": [0.7004, 0.2991]}) (2016-11-22-22:32:29)]
[hue-alfred-workflow: request(put, /lights/5/state, {"xy": [0.402, 0.3768]}) (2016-11-22-22:32:29)]
[hue-alfred-workflow: request(put, /lights/6/state, {"xy": [0.675, 0.322]}) (2016-11-22-22:32:29)]
[hue-alfred-workflow: request(put, /lights/7/state, {"xy": [0.7004, 0.2991]}) (2016-11-22-22:32:29)]
[hue-alfred-workflow: request(put, /lights/9/state, {"xy": [0.7004, 0.2991]}) (2016-11-22-22:32:29)]
[hue-alfred-workflow: request(put, /lights/1/state, {"xy": [0.675, 0.322]}) (2016-11-22-22:32:34)]
[hue-alfred-workflow: request(put, /lights/2/state, {"xy": [0.675, 0.322]}) (2016-11-22-22:32:34)]
[hue-alfred-workflow: request(put, /lights/3/state, {"xy": [0.675, 0.322]}) (2016-11-22-22:32:34)]
[hue-alfred-workflow: request(put, /lights/4/state, {"xy": [0.7004, 0.2991]}) (2016-11-22-22:32:34)]
[hue-alfred-workflow: request(put, /lights/5/state, {"xy": [0.675, 0.322]}) (2016-11-22-22:32:34)]
[hue-alfred-workflow: request(put, /lights/6/state, {"xy": [0.7004, 0.2991]}) (2016-11-22-22:32:34)]
[hue-alfred-workflow: request(put, /lights/7/state, {"xy": [0.402, 0.3768]}) (2016-11-22-22:32:34)]
[hue-alfred-workflow: request(put, /lights/9/state, {"xy": [0.402, 0.3768]}) (2016-11-22-22:32:34)]
[hue-alfred-workflow: request(put, /lights/1/state, {"xy": [0.4012, 0.3768]}) (2016-11-22-22:32:42)]
[hue-alfred-workflow: request(put, /lights/2/state, {"xy": [0.402, 0.3768]}) (2016-11-22-22:32:42)]
[hue-alfred-workflow: request(put, /lights/3/state, {"xy": [0.675, 0.322]}) (2016-11-22-22:32:42)]
[hue-alfred-workflow: request(put, /lights/4/state, {"xy": [0.402, 0.3768]}) (2016-11-22-22:32:42)]
[hue-alfred-workflow: request(put, /lights/5/state, {"xy": [0.675, 0.322]}) (2016-11-22-22:32:42)]
[hue-alfred-workflow: request(put, /lights/6/state, {"xy": [0.675, 0.322]}) (2016-11-22-22:32:42)]
[hue-alfred-workflow: request(put, /lights/7/state, {"xy": [0.402, 0.3768]}) (2016-11-22-22:32:42)]
[hue-alfred-workflow: request(put, /lights/9/state, {"xy": [0.675, 0.322]}) (2016-11-22-22:32:42)]
[hue-alfred-workflow: request(put, /lights/1/state, {"xy": [0.4012, 0.3768]}) (2016-11-22-22:32:53)]
[hue-alfred-workflow: request(put, /lights/2/state, {"xy": [0.402, 0.3768]}) (2016-11-22-22:32:53)]
[hue-alfred-workflow: request(put, /lights/3/state, {"xy": [0.402, 0.3768]}) (2016-11-22-22:32:53)]
[hue-alfred-workflow: request(put, /lights/4/state, {"xy": [0.675, 0.322]}) (2016-11-22-22:32:53)]
[hue-alfred-workflow: request(put, /lights/5/state, {"xy": [0.402, 0.3768]}) (2016-11-22-22:32:53)]
[hue-alfred-workflow: request(put, /lights/6/state, {"xy": [0.675, 0.322]}) (2016-11-22-22:32:53)]
[hue-alfred-workflow: request(put, /lights/7/state, {"xy": [0.4012, 0.3768]}) (2016-11-22-22:32:53)]
[hue-alfred-workflow: request(put, /lights/9/state, {"xy": [0.402, 0.3768]}) (2016-11-22-22:32:53)]
[hue-alfred-workflow: request(put, /lights/1/state, {"xy": [0.402, 0.3768]}) (2016-11-22-22:32:58)]
[hue-alfred-workflow: request(put, /lights/2/state, {"xy": [0.4012, 0.3768]}) (2016-11-22-22:32:59)]
[hue-alfred-workflow: request(put, /lights/3/state, {"xy": [0.4012, 0.3768]}) (2016-11-22-22:32:59)]
[hue-alfred-workflow: request(put, /lights/4/state, {"xy": [0.402, 0.3768]}) (2016-11-22-22:32:59)]
[hue-alfred-workflow: request(put, /lights/5/state, {"xy": [0.675, 0.322]}) (2016-11-22-22:32:59)]
[hue-alfred-workflow: request(put, /lights/6/state, {"xy": [0.402, 0.3768]}) (2016-11-22-22:32:59)]
[hue-alfred-workflow: request(put, /lights/7/state, {"xy": [0.402, 0.3768]}) (2016-11-22-22:32:59)]
[hue-alfred-workflow: request(put, /lights/9/state, {"xy": [0.402, 0.3768]}) (2016-11-22-22:32:59)]
[hue-alfred-workflow: request(put, /lights/1/state, {"bri": 255}) (2016-11-23-19:17:26)]
[hue-alfred-workflow: request(put, /lights/6/state, {"on": false}) (2016-11-23-20:56:57)]
[hue-alfred-workflow: request(put, /lights/1/state, {"on": false}) (2016-11-23-20:57:03)]
[hue-alfred-workflow: request(put, /lights/1/state, {"on": true}) (2016-11-23-21:07:54)]
[hue-alfred-workflow: request(put, /lights/1/state, {"xy": [0.167, 0.04]}) (2016-11-23-21:08:05)]
[hue-alfred-workflow: request(put, /lights/1/state, {"bri": 2}) (2016-11-23-21:08:13)]
[hue-alfred-workflow: request(put, /lights/6/state, {"on": true}) (2016-11-23-21:08:38)]
[hue-alfred-workflow: request(put, /lights/6/state, {"xy": [0.167, 0.04]}) (2016-11-23-21:08:44)]
[hue-alfred-workflow: request(put, /lights/6/state, {"bri": 2}) (2016-11-23-21:08:54)]
[hue-alfred-workflow: request(put, /groups/0/action, {"xy": [0.5687811601597752, 0.4106691163791311]}) (2016-11-24-18:42:30)]
[hue-alfred-workflow: request(put, /groups/0/action, {"bri": 255}) (2016-11-24-18:42:36)]
[hue-alfred-workflow: request(put, /lights/1/state, {"on": true}) (2016-12-10-13:58:49)]
[hue-alfred-workflow: request(put, /lights/1/state, {"xy": [0.675, 0.322]}) (2016-12-10-13:58:58)]
[hue-alfred-workflow: request(put, /lights/1/state, {"xy": [0.675, 0.322]}) (2016-12-10-14:01:17)]
[hue-alfred-workflow: request(put, /lights/2/state, {"xy": [0.6380015691106604, 0.3492722544351657]}) (2016-12-10-14:01:17)]
[hue-alfred-workflow: request(put, /lights/3/state, {"xy": [0.2872991372772481, 0.1095638192940214]}) (2016-12-10-14:01:17)]
[hue-alfred-workflow: request(put, /lights/4/state, {"xy": [0.5105991647264564, 0.4431830150944511]}) (2016-12-10-14:01:17)]
[hue-alfred-workflow: request(put, /lights/5/state, {"xy": [0.167, 0.04]}) (2016-12-10-14:01:17)]
[hue-alfred-workflow: request(put, /lights/6/state, {"xy": [0.4091, 0.518]}) (2016-12-10-14:01:17)]
[hue-alfred-workflow: request(put, /lights/7/state, {"xy": [0.26411730151494395, 0.23174750154540763]}) (2016-12-10-14:01:17)]
[hue-alfred-workflow: request(put, /lights/9/state, {"xy": [0.4091, 0.518]}) (2016-12-10-14:01:18)]
[hue-alfred-workflow: request(put, /lights/1/state, {"xy": [0.4596, 0.4105]}) (2016-12-10-14:01:24)]
[hue-alfred-workflow: request(put, /lights/2/state, {"xy": [0.675, 0.322]}) (2016-12-10-14:01:24)]
[hue-alfred-workflow: request(put, /lights/3/state, {"xy": [0.4596, 0.4105]}) (2016-12-10-14:01:24)]
[hue-alfred-workflow: request(put, /lights/4/state, {"xy": [0.2641, 0.2318]}) (2016-12-10-14:01:25)]
[hue-alfred-workflow: request(put, /lights/5/state, {"xy": [0.4596, 0.4105]}) (2016-12-10-14:01:25)]
[hue-alfred-workflow: request(put, /lights/6/state, {"xy": [0.638, 0.3493]}) (2016-12-10-14:01:25)]
[hue-alfred-workflow: request(put, /lights/7/state, {"xy": [0.5126, 0.4148]}) (2016-12-10-14:01:25)]
[hue-alfred-workflow: request(put, /lights/9/state, {"xy": [0.5126, 0.4148]}) (2016-12-10-14:01:25)]
[hue-alfred-workflow: request(put, /lights/1/state, {"xy": [0.4596, 0.4105]}) (2016-12-10-14:01:30)]
[hue-alfred-workflow: request(put, /lights/2/state, {"xy": [0.4596, 0.4105]}) (2016-12-10-14:01:30)]
[hue-alfred-workflow: request(put, /lights/3/state, {"xy": [0.4596, 0.4105]}) (2016-12-10-14:01:30)]
[hue-alfred-workflow: request(put, /lights/4/state, {"xy": [0.5126, 0.4148]}) (2016-12-10-14:01:30)]
[hue-alfred-workflow: request(put, /lights/5/state, {"xy": [0.675, 0.322]}) (2016-12-10-14:01:30)]
[hue-alfred-workflow: request(put, /lights/6/state, {"xy": [0.5126, 0.4148]}) (2016-12-10-14:01:30)]
[hue-alfred-workflow: request(put, /lights/7/state, {"xy": [0.4596, 0.4105]}) (2016-12-10-14:01:30)]
[hue-alfred-workflow: request(put, /lights/9/state, {"xy": [0.5126, 0.4148]}) (2016-12-10-14:01:30)]
[hue-alfred-workflow: request(put, /lights/1/state, {"xy": [0.5126, 0.4148]}) (2016-12-10-14:01:33)]
[hue-alfred-workflow: request(put, /lights/2/state, {"xy": [0.5126, 0.4148]}) (2016-12-10-14:01:33)]
[hue-alfred-workflow: request(put, /lights/3/state, {"xy": [0.4595, 0.4105]}) (2016-12-10-14:01:33)]
[hue-alfred-workflow: request(put, /lights/4/state, {"xy": [0.4596, 0.4105]}) (2016-12-10-14:01:33)]
[hue-alfred-workflow: request(put, /lights/5/state, {"xy": [0.4596, 0.4105]}) (2016-12-10-14:01:33)]
[hue-alfred-workflow: request(put, /lights/6/state, {"xy": [0.4596, 0.4105]}) (2016-12-10-14:01:33)]
[hue-alfred-workflow: request(put, /lights/7/state, {"xy": [0.4596, 0.4105]}) (2016-12-10-14:01:34)]
[hue-alfred-workflow: request(put, /lights/9/state, {"xy": [0.4596, 0.4105]}) (2016-12-10-14:01:34)]
[hue-alfred-workflow: request(put, /groups/0/action, {"on": true}) (2016-12-10-14:01:42)]
[hue-alfred-workflow: request(put, /lights/1/state, {"xy": [0.675, 0.322]}) (2016-12-10-14:01:48)]
[hue-alfred-workflow: request(put, /lights/2/state, {"xy": [0.6380015691106604, 0.3492722544351657]}) (2016-12-10-14:01:48)]
[hue-alfred-workflow: request(put, /lights/3/state, {"xy": [0.2872991372772481, 0.1095638192940214]}) (2016-12-10-14:01:48)]
[hue-alfred-workflow: request(put, /lights/4/state, {"xy": [0.5105991647264564, 0.4431830150944511]}) (2016-12-10-14:01:48)]
[hue-alfred-workflow: request(put, /lights/5/state, {"xy": [0.167, 0.04]}) (2016-12-10-14:01:48)]
[hue-alfred-workflow: request(put, /lights/6/state, {"xy": [0.4091, 0.518]}) (2016-12-10-14:01:48)]
[hue-alfred-workflow: request(put, /lights/7/state, {"xy": [0.26411730151494395, 0.23174750154540763]}) (2016-12-10-14:01:48)]
[hue-alfred-workflow: request(put, /lights/9/state, {"xy": [0.4091, 0.518]}) (2016-12-10-14:01:48)]
[hue-alfred-workflow: request(put, /lights/1/state, {"xy": [0.4091, 0.518]}) (2016-12-10-14:02:31)]
[hue-alfred-workflow: request(put, /lights/2/state, {"xy": [0.5106, 0.4432]}) (2016-12-10-14:02:31)]
[hue-alfred-workflow: request(put, /lights/3/state, {"xy": [0.4091, 0.518]}) (2016-12-10-14:02:31)]
[hue-alfred-workflow: request(put, /lights/4/state, {"xy": [0.2872, 0.1093]}) (2016-12-10-14:02:31)]
[hue-alfred-workflow: request(put, /lights/5/state, {"xy": [0.167, 0.04]}) (2016-12-10-14:02:31)]
[hue-alfred-workflow: request(put, /lights/6/state, {"xy": [0.638, 0.3493]}) (2016-12-10-14:02:31)]
[hue-alfred-workflow: request(put, /lights/7/state, {"xy": [0.675, 0.322]}) (2016-12-10-14:02:31)]
[hue-alfred-workflow: request(put, /lights/9/state, {"xy": [0.2641, 0.2318]}) (2016-12-10-14:02:31)]
[hue-alfred-workflow: request(put, /lights/1/state, {"xy": [0.2641, 0.2318]}) (2016-12-10-14:02:38)]
[hue-alfred-workflow: request(put, /lights/2/state, {"xy": [0.5106, 0.4432]}) (2016-12-10-14:02:38)]
[hue-alfred-workflow: request(put, /lights/3/state, {"xy": [0.2872, 0.1093]}) (2016-12-10-14:02:38)]
[hue-alfred-workflow: request(put, /lights/4/state, {"xy": [0.4091, 0.518]}) (2016-12-10-14:02:38)]
[hue-alfred-workflow: request(put, /lights/5/state, {"xy": [0.167, 0.04]}) (2016-12-10-14:02:38)]
[hue-alfred-workflow: request(put, /lights/6/state, {"xy": [0.4091, 0.518]}) (2016-12-10-14:02:38)]
[hue-alfred-workflow: request(put, /lights/7/state, {"xy": [0.638, 0.3493]}) (2016-12-10-14:02:38)]
[hue-alfred-workflow: request(put, /lights/9/state, {"xy": [0.675, 0.322]}) (2016-12-10-14:02:38)]
[hue-alfred-workflow: request(put, /lights/1/state, {"xy": [0.638, 0.3493]}) (2016-12-10-14:02:52)]
[hue-alfred-workflow: request(put, /lights/2/state, {"xy": [0.675, 0.322]}) (2016-12-10-14:02:52)]
[hue-alfred-workflow: request(put, /lights/3/state, {"xy": [0.5106, 0.4432]}) (2016-12-10-14:02:52)]
[hue-alfred-workflow: request(put, /lights/4/state, {"xy": [0.2872, 0.1093]}) (2016-12-10-14:02:52)]
[hue-alfred-workflow: request(put, /lights/5/state, {"xy": [0.4091, 0.518]}) (2016-12-10-14:02:52)]
[hue-alfred-workflow: request(put, /lights/6/state, {"xy": [0.4091, 0.518]}) (2016-12-10-14:02:52)]
[hue-alfred-workflow: request(put, /lights/7/state, {"xy": [0.167, 0.04]}) (2016-12-10-14:02:52)]
[hue-alfred-workflow: request(put, /lights/9/state, {"xy": [0.2641, 0.2318]}) (2016-12-10-14:02:52)]
[hue-alfred-workflow: request(put, /lights/1/state, {"xy": [0.638, 0.3493]}) (2016-12-10-14:02:57)]
[hue-alfred-workflow: request(put, /lights/2/state, {"xy": [0.4091, 0.518]}) (2016-12-10-14:02:57)]
[hue-alfred-workflow: request(put, /lights/3/state, {"xy": [0.2872, 0.1093]}) (2016-12-10-14:02:57)]
[hue-alfred-workflow: request(put, /lights/4/state, {"xy": [0.2641, 0.2318]}) (2016-12-10-14:02:57)]
[hue-alfred-workflow: request(put, /lights/5/state, {"xy": [0.675, 0.322]}) (2016-12-10-14:02:57)]
[hue-alfred-workflow: request(put, /lights/6/state, {"xy": [0.4091, 0.518]}) (2016-12-10-14:02:57)]
[hue-alfred-workflow: request(put, /lights/7/state, {"xy": [0.167, 0.04]}) (2016-12-10-14:02:57)]
[hue-alfred-workflow: request(put, /lights/9/state, {"xy": [0.5106, 0.4432]}) (2016-12-10-14:02:57)]
[hue-alfred-workflow: request(put, /lights/1/state, {"xy": [0.2872, 0.1093]}) (2016-12-10-14:03:02)]
[hue-alfred-workflow: request(put, /lights/2/state, {"xy": [0.675, 0.322]}) (2016-12-10-14:03:02)]
[hue-alfred-workflow: request(put, /lights/3/state, {"xy": [0.167, 0.04]}) (2016-12-10-14:03:02)]
[hue-alfred-workflow: request(put, /lights/4/state, {"xy": [0.2641, 0.2318]}) (2016-12-10-14:03:02)]
[hue-alfred-workflow: request(put, /lights/5/state, {"xy": [0.638, 0.3493]}) (2016-12-10-14:03:02)]
[hue-alfred-workflow: request(put, /lights/6/state, {"xy": [0.4091, 0.518]}) (2016-12-10-14:03:02)]
[hue-alfred-workflow: request(put, /lights/7/state, {"xy": [0.5106, 0.4432]}) (2016-12-10-14:03:02)]
[hue-alfred-workflow: request(put, /lights/9/state, {"xy": [0.4091, 0.518]}) (2016-12-10-14:03:02)]
[hue-alfred-workflow: request(put, /groups/0/action, {"on": false}) (2016-12-10-14:05:17)]
[hue-alfred-workflow: request(put, /lights/1/state, {"on": true}) (2016-12-10-14:05:21)]
[hue-alfred-workflow: request(put, /groups/0/action, {"xy": [0.7003975825934976, 0.299054944276408]}) (2016-12-10-14:05:26)]
[hue-alfred-workflow: request(put, /lights/2/state, {"on": true}) (2016-12-10-14:05:29)]
[hue-alfred-workflow: request(put, /lights/3/state, {"on": true}) (2016-12-10-14:05:33)]
[hue-alfred-workflow: request(put, /lights/4/state, {"on": true}) (2016-12-10-14:05:37)]
[hue-alfred-workflow: request(put, /lights/5/state, {"on": true}) (2016-12-10-14:05:41)]
[hue-alfred-workflow: request(put, /lights/6/state, {"on": true}) (2016-12-10-14:05:46)]
[hue-alfred-workflow: request(put, /groups/0/action, {"on": false}) (2016-12-10-14:27:08)]
[hue-alfred-workflow: request(put, /lights/1/state, {"on": true}) (2016-12-10-14:27:15)]
[hue-alfred-workflow: request(put, /lights/6/state, {"on": true}) (2016-12-10-14:27:21)]
[hue-alfred-workflow: request(put, /lights/6/state, {"xy": [0.167, 0.04]}) (2016-12-10-14:27:26)]
[hue-alfred-workflow: request(put, /lights/1/state, {"xy": [0.675, 0.322]}) (2016-12-10-15:00:57)]
[hue-alfred-workflow: request(put, /lights/2/state, {"xy": [0.675, 0.322]}) (2016-12-10-15:00:57)]
[hue-alfred-workflow: request(put, /lights/3/state, {"xy": [0.167, 0.04]}) (2016-12-10-15:00:57)]
[hue-alfred-workflow: request(put, /lights/4/state, {"xy": [0.2641, 0.2318]}) (2016-12-10-15:00:57)]
[hue-alfred-workflow: request(put, /lights/5/state, {"xy": [0.638, 0.3493]}) (2016-12-10-15:00:57)]
[hue-alfred-workflow: request(put, /lights/6/state, {"xy": [0.167, 0.04]}) (2016-12-10-15:00:57)]
[hue-alfred-workflow: request(put, /lights/7/state, {"xy": [0.7004, 0.2991]}) (2016-12-10-15:00:57)]
[hue-alfred-workflow: request(put, /lights/9/state, {"xy": [0.4091, 0.518]}) (2016-12-10-15:00:57)]
[hue-alfred-workflow: request(put, /lights/1/state, {"xy": [0.675, 0.322]}) (2016-12-10-15:01:02)]
[hue-alfred-workflow: request(put, /lights/2/state, {"xy": [0.675, 0.322]}) (2016-12-10-15:01:02)]
[hue-alfred-workflow: request(put, /lights/3/state, {"xy": [0.167, 0.04]}) (2016-12-10-15:01:02)]
[hue-alfred-workflow: request(put, /lights/4/state, {"xy": [0.2641, 0.2318]}) (2016-12-10-15:01:02)]
[hue-alfred-workflow: request(put, /lights/5/state, {"xy": [0.638, 0.3493]}) (2016-12-10-15:01:02)]
[hue-alfred-workflow: request(put, /lights/6/state, {"xy": [0.167, 0.04]}) (2016-12-10-15:01:02)]
[hue-alfred-workflow: request(put, /lights/7/state, {"xy": [0.7004, 0.2991]}) (2016-12-10-15:01:02)]
[hue-alfred-workflow: request(put, /lights/9/state, {"xy": [0.4091, 0.518]}) (2016-12-10-15:01:02)]
[hue-alfred-workflow: request(put, /lights/1/state, {"xy": [0.675, 0.322]}) (2016-12-10-15:01:06)]
[hue-alfred-workflow: request(put, /lights/2/state, {"xy": [0.675, 0.322]}) (2016-12-10-15:01:06)]
[hue-alfred-workflow: request(put, /lights/3/state, {"xy": [0.167, 0.04]}) (2016-12-10-15:01:06)]
[hue-alfred-workflow: request(put, /lights/4/state, {"xy": [0.2641, 0.2318]}) (2016-12-10-15:01:06)]
[hue-alfred-workflow: request(put, /lights/5/state, {"xy": [0.638, 0.3493]}) (2016-12-10-15:01:06)]
[hue-alfred-workflow: request(put, /lights/6/state, {"xy": [0.167, 0.04]}) (2016-12-10-15:01:06)]
[hue-alfred-workflow: request(put, /lights/7/state, {"xy": [0.7004, 0.2991]}) (2016-12-10-15:01:06)]
[hue-alfred-workflow: request(put, /lights/9/state, {"xy": [0.4091, 0.518]}) (2016-12-10-15:01:06)]
[hue-alfred-workflow: request(put, /lights/1/state, {"xy": [0.675, 0.322]}) (2016-12-10-15:46:21)]
[hue-alfred-workflow: request(put, /lights/2/state, {"xy": [0.675, 0.322]}) (2016-12-10-15:46:21)]
[hue-alfred-workflow: request(put, /lights/3/state, {"xy": [0.167, 0.04]}) (2016-12-10-15:46:21)]
[hue-alfred-workflow: request(put, /lights/4/state, {"xy": [0.2641, 0.2318]}) (2016-12-10-15:46:21)]
[hue-alfred-workflow: request(put, /lights/5/state, {"xy": [0.638, 0.3493]}) (2016-12-10-15:46:21)]
[hue-alfred-workflow: request(put, /lights/6/state, {"xy": [0.167, 0.04]}) (2016-12-10-15:46:21)]
[hue-alfred-workflow: request(put, /lights/7/state, {"xy": [0.7004, 0.2991]}) (2016-12-10-15:46:21)]
[hue-alfred-workflow: request(put, /lights/9/state, {"xy": [0.4091, 0.518]}) (2016-12-10-15:46:21)]
[hue-alfred-workflow: request(put, /lights/1/state, {"xy": [0.675, 0.322]}) (2016-12-10-16:12:05)]
[hue-alfred-workflow: request(put, /lights/2/state, {"xy": [0.675, 0.322]}) (2016-12-10-16:12:05)]
[hue-alfred-workflow: request(put, /lights/3/state, {"xy": [0.167, 0.04]}) (2016-12-10-16:12:05)]
[hue-alfred-workflow: request(put, /lights/4/state, {"xy": [0.2641, 0.2318]}) (2016-12-10-16:12:05)]
[hue-alfred-workflow: request(put, /lights/5/state, {"xy": [0.638, 0.3493]}) (2016-12-10-16:12:05)]
[hue-alfred-workflow: request(put, /lights/6/state, {"xy": [0.167, 0.04]}) (2016-12-10-16:12:05)]
[hue-alfred-workflow: request(put, /lights/7/state, {"xy": [0.7004, 0.2991]}) (2016-12-10-16:12:05)]
[hue-alfred-workflow: request(put, /lights/9/state, {"xy": [0.4091, 0.518]}) (2016-12-10-16:12:06)]
[hue-alfred-workflow: request(put, /lights/1/state, {"xy": [0.675, 0.322]}) (2016-12-10-16:12:31)]
[hue-alfred-workflow: request(put, /lights/2/state, {"xy": [0.675, 0.322]}) (2016-12-10-16:12:31)]
[hue-alfred-workflow: request(put, /lights/3/state, {"xy": [0.167, 0.04]}) (2016-12-10-16:12:31)]
[hue-alfred-workflow: request(put, /lights/4/state, {"xy": [0.2641, 0.2318]}) (2016-12-10-16:12:31)]
[hue-alfred-workflow: request(put, /lights/5/state, {"xy": [0.638, 0.3493]}) (2016-12-10-16:12:31)]
[hue-alfred-workflow: request(put, /lights/6/state, {"xy": [0.167, 0.04]}) (2016-12-10-16:12:31)]
[hue-alfred-workflow: request(put, /lights/7/state, {"xy": [0.7004, 0.2991]}) (2016-12-10-16:12:31)]
[hue-alfred-workflow: request(put, /lights/9/state, {"xy": [0.4091, 0.518]}) (2016-12-10-16:12:31)]
[hue-alfred-workflow: request(put, /lights/1/state, {"xy": [0.675, 0.322]}) (2016-12-10-16:16:18)]
[hue-alfred-workflow: request(put, /lights/2/state, {"xy": [0.675, 0.322]}) (2016-12-10-16:16:18)]
[hue-alfred-workflow: request(put, /lights/3/state, {"xy": [0.167, 0.04]}) (2016-12-10-16:16:18)]
[hue-alfred-workflow: request(put, /lights/4/state, {"xy": [0.2641, 0.2318]}) (2016-12-10-16:16:18)]
[hue-alfred-workflow: request(put, /lights/5/state, {"xy": [0.638, 0.3493]}) (2016-12-10-16:16:18)]
[hue-alfred-workflow: request(put, /lights/6/state, {"xy": [0.167, 0.04]}) (2016-12-10-16:16:18)]
[hue-alfred-workflow: request(put, /lights/7/state, {"xy": [0.7004, 0.2991]}) (2016-12-10-16:16:18)]
[hue-alfred-workflow: request(put, /lights/9/state, {"xy": [0.4091, 0.518]}) (2016-12-10-16:16:19)]
[hue-alfred-workflow: request(put, /lights/1/state, {"xy": [0.675, 0.322]}) (2016-12-10-16:16:23)]
[hue-alfred-workflow: request(put, /lights/2/state, {"xy": [0.675, 0.322]}) (2016-12-10-16:16:23)]
[hue-alfred-workflow: request(put, /lights/3/state, {"xy": [0.167, 0.04]}) (2016-12-10-16:16:23)]
[hue-alfred-workflow: request(put, /lights/4/state, {"xy": [0.2641, 0.2318]}) (2016-12-10-16:16:23)]
[hue-alfred-workflow: request(put, /lights/5/state, {"xy": [0.638, 0.3493]}) (2016-12-10-16:16:23)]
[hue-alfred-workflow: request(put, /lights/6/state, {"xy": [0.167, 0.04]}) (2016-12-10-16:16:23)]
[hue-alfred-workflow: request(put, /lights/7/state, {"xy": [0.7004, 0.2991]}) (2016-12-10-16:16:23)]
[hue-alfred-workflow: request(put, /lights/9/state, {"xy": [0.4091, 0.518]}) (2016-12-10-16:16:23)]
[hue-alfred-workflow: request(put, /lights/1/state, {"xy": [0.675, 0.322]}) (2016-12-10-16:16:28)]
[hue-alfred-workflow: request(put, /lights/2/state, {"xy": [0.675, 0.322]}) (2016-12-10-16:16:28)]
[hue-alfred-workflow: request(put, /lights/3/state, {"xy": [0.167, 0.04]}) (2016-12-10-16:16:28)]
[hue-alfred-workflow: request(put, /lights/4/state, {"xy": [0.2641, 0.2318]}) (2016-12-10-16:16:28)]
[hue-alfred-workflow: request(put, /lights/5/state, {"xy": [0.638, 0.3493]}) (2016-12-10-16:16:28)]
[hue-alfred-workflow: request(put, /lights/6/state, {"xy": [0.167, 0.04]}) (2016-12-10-16:16:28)]
[hue-alfred-workflow: request(put, /lights/7/state, {"xy": [0.7004, 0.2991]}) (2016-12-10-16:16:28)]
[hue-alfred-workflow: request(put, /lights/9/state, {"xy": [0.4091, 0.518]}) (2016-12-10-16:16:28)]
[hue-alfred-workflow: request(put, /lights/1/state, {"xy": [0.675, 0.322]}) (2016-12-10-16:16:41)]
[hue-alfred-workflow: request(put, /lights/2/state, {"xy": [0.675, 0.322]}) (2016-12-10-16:16:41)]
[hue-alfred-workflow: request(put, /lights/3/state, {"xy": [0.167, 0.04]}) (2016-12-10-16:16:41)]
[hue-alfred-workflow: request(put, /lights/4/state, {"xy": [0.2641, 0.2318]}) (2016-12-10-16:16:41)]
[hue-alfred-workflow: request(put, /lights/5/state, {"xy": [0.638, 0.3493]}) (2016-12-10-16:16:41)]
[hue-alfred-workflow: request(put, /lights/6/state, {"xy": [0.167, 0.04]}) (2016-12-10-16:16:41)]
[hue-alfred-workflow: request(put, /lights/7/state, {"xy": [0.7004, 0.2991]}) (2016-12-10-16:16:41)]
[hue-alfred-workflow: request(put, /lights/9/state, {"xy": [0.4091, 0.518]}) (2016-12-10-16:16:41)]
[hue-alfred-workflow: request(put, /lights/1/state, {"xy": [0.675, 0.322]}) (2016-12-10-16:16:57)]
[hue-alfred-workflow: request(put, /lights/2/state, {"xy": [0.675, 0.322]}) (2016-12-10-16:16:57)]
[hue-alfred-workflow: request(put, /lights/3/state, {"xy": [0.167, 0.04]}) (2016-12-10-16:16:57)]
[hue-alfred-workflow: request(put, /lights/4/state, {"xy": [0.2641, 0.2318]}) (2016-12-10-16:16:57)]
[hue-alfred-workflow: request(put, /lights/5/state, {"xy": [0.638, 0.3493]}) (2016-12-10-16:16:57)]
[hue-alfred-workflow: request(put, /lights/6/state, {"xy": [0.167, 0.04]}) (2016-12-10-16:16:57)]
[hue-alfred-workflow: request(put, /lights/7/state, {"xy": [0.7004, 0.2991]}) (2016-12-10-16:16:57)]
[hue-alfred-workflow: request(put, /lights/9/state, {"xy": [0.4091, 0.518]}) (2016-12-10-16:16:57)]
[hue-alfred-workflow: request(put, /lights/1/state, {"xy": [0.675, 0.322]}) (2016-12-10-16:17:18)]
[hue-alfred-workflow: request(put, /lights/2/state, {"xy": [0.675, 0.322]}) (2016-12-10-16:17:18)]
[hue-alfred-workflow: request(put, /lights/3/state, {"xy": [0.167, 0.04]}) (2016-12-10-16:17:18)]
[hue-alfred-workflow: request(put, /lights/4/state, {"xy": [0.2641, 0.2318]}) (2016-12-10-16:17:18)]
[hue-alfred-workflow: request(put, /lights/5/state, {"xy": [0.638, 0.3493]}) (2016-12-10-16:17:18)]
[hue-alfred-workflow: request(put, /lights/6/state, {"xy": [0.167, 0.04]}) (2016-12-10-16:17:18)]
[hue-alfred-workflow: request(put, /lights/7/state, {"xy": [0.7004, 0.2991]}) (2016-12-10-16:17:18)]
[hue-alfred-workflow: request(put, /lights/9/state, {"xy": [0.4091, 0.518]}) (2016-12-10-16:17:18)]
[hue-alfred-workflow: request(put, /lights/1/state, {"xy": [0.675, 0.322]}) (2016-12-10-16:17:26)]
[hue-alfred-workflow: request(put, /lights/2/state, {"xy": [0.675, 0.322]}) (2016-12-10-16:17:26)]
[hue-alfred-workflow: request(put, /lights/3/state, {"xy": [0.167, 0.04]}) (2016-12-10-16:17:26)]
[hue-alfred-workflow: request(put, /lights/4/state, {"xy": [0.2641, 0.2318]}) (2016-12-10-16:17:26)]
[hue-alfred-workflow: request(put, /lights/5/state, {"xy": [0.638, 0.3493]}) (2016-12-10-16:17:26)]
[hue-alfred-workflow: request(put, /lights/6/state, {"xy": [0.167, 0.04]}) (2016-12-10-16:17:26)]
[hue-alfred-workflow: request(put, /lights/7/state, {"xy": [0.7004, 0.2991]}) (2016-12-10-16:17:26)]
[hue-alfred-workflow: request(put, /lights/9/state, {"xy": [0.4091, 0.518]}) (2016-12-10-16:17:26)]
[hue-alfred-workflow: request(put, /lights/1/state, {"xy": [0.675, 0.322]}) (2016-12-10-16:17:31)]
[hue-alfred-workflow: request(put, /lights/2/state, {"xy": [0.675, 0.322]}) (2016-12-10-16:17:31)]
[hue-alfred-workflow: request(put, /lights/3/state, {"xy": [0.167, 0.04]}) (2016-12-10-16:17:31)]
[hue-alfred-workflow: request(put, /lights/4/state, {"xy": [0.2641, 0.2318]}) (2016-12-10-16:17:31)]
[hue-alfred-workflow: request(put, /lights/5/state, {"xy": [0.638, 0.3493]}) (2016-12-10-16:17:31)]
[hue-alfred-workflow: request(put, /lights/6/state, {"xy": [0.167, 0.04]}) (2016-12-10-16:17:31)]
[hue-alfred-workflow: request(put, /lights/7/state, {"xy": [0.7004, 0.2991]}) (2016-12-10-16:17:31)]
[hue-alfred-workflow: request(put, /lights/9/state, {"xy": [0.4091, 0.518]}) (2016-12-10-16:17:31)]
[hue-alfred-workflow: request(put, /lights/1/state, {"xy": [0.675, 0.322]}) (2016-12-10-16:17:36)]
[hue-alfred-workflow: request(put, /lights/2/state, {"xy": [0.675, 0.322]}) (2016-12-10-16:17:36)]
[hue-alfred-workflow: request(put, /lights/3/state, {"xy": [0.167, 0.04]}) (2016-12-10-16:17:36)]
[hue-alfred-workflow: request(put, /lights/4/state, {"xy": [0.2641, 0.2318]}) (2016-12-10-16:17:36)]
[hue-alfred-workflow: request(put, /lights/5/state, {"xy": [0.638, 0.3493]}) (2016-12-10-16:17:36)]
[hue-alfred-workflow: request(put, /lights/6/state, {"xy": [0.167, 0.04]}) (2016-12-10-16:17:36)]
[hue-alfred-workflow: request(put, /lights/7/state, {"xy": [0.7004, 0.2991]}) (2016-12-10-16:17:36)]
[hue-alfred-workflow: request(put, /lights/9/state, {"xy": [0.4091, 0.518]}) (2016-12-10-16:17:36)]
[hue-alfred-workflow: request(put, /lights/1/state, {"xy": [0.675, 0.322]}) (2016-12-10-16:18:34)]
[hue-alfred-workflow: request(put, /lights/2/state, {"xy": [0.675, 0.322]}) (2016-12-10-16:18:34)]
[hue-alfred-workflow: request(put, /lights/3/state, {"xy": [0.167, 0.04]}) (2016-12-10-16:18:34)]
[hue-alfred-workflow: request(put, /lights/4/state, {"xy": [0.2641, 0.2318]}) (2016-12-10-16:18:34)]
[hue-alfred-workflow: request(put, /lights/5/state, {"xy": [0.638, 0.3493]}) (2016-12-10-16:18:34)]
[hue-alfred-workflow: request(put, /lights/6/state, {"xy": [0.167, 0.04]}) (2016-12-10-16:18:34)]
[hue-alfred-workflow: request(put, /lights/7/state, {"xy": [0.7004, 0.2991]}) (2016-12-10-16:18:34)]
[hue-alfred-workflow: request(put, /lights/9/state, {"xy": [0.4091, 0.518]}) (2016-12-10-16:18:34)]
[hue-alfred-workflow: request(put, /lights/1/state, {"xy": [0.675, 0.322]}) (2016-12-10-16:19:27)]
[hue-alfred-workflow: request(put, /lights/2/state, {"xy": [0.675, 0.322]}) (2016-12-10-16:19:27)]
[hue-alfred-workflow: request(put, /lights/3/state, {"xy": [0.167, 0.04]}) (2016-12-10-16:19:27)]
[hue-alfred-workflow: request(put, /lights/4/state, {"xy": [0.2641, 0.2318]}) (2016-12-10-16:19:27)]
[hue-alfred-workflow: request(put, /lights/5/state, {"xy": [0.638, 0.3493]}) (2016-12-10-16:19:27)]
[hue-alfred-workflow: request(put, /lights/6/state, {"xy": [0.167, 0.04]}) (2016-12-10-16:19:27)]
[hue-alfred-workflow: request(put, /lights/7/state, {"xy": [0.7004, 0.2991]}) (2016-12-10-16:19:27)]
[hue-alfred-workflow: request(put, /lights/9/state, {"xy": [0.4091, 0.518]}) (2016-12-10-16:19:27)]
[hue-alfred-workflow: request(put, /lights/1/state, {"xy": [0.167, 0.04]}) (2016-12-10-16:20:55)]
[hue-alfred-workflow: request(put, /lights/2/state, {"xy": [0.675, 0.322]}) (2016-12-10-16:20:55)]
[hue-alfred-workflow: request(put, /lights/3/state, {"xy": [0.167, 0.04]}) (2016-12-10-16:20:55)]
[hue-alfred-workflow: request(put, /lights/4/state, {"xy": [0.2641, 0.2318]}) (2016-12-10-16:20:55)]
[hue-alfred-workflow: request(put, /lights/5/state, {"xy": [0.638, 0.3493]}) (2016-12-10-16:20:55)]
[hue-alfred-workflow: request(put, /lights/6/state, {"xy": [0.675, 0.322]}) (2016-12-10-16:20:55)]
[hue-alfred-workflow: request(put, /lights/7/state, {"xy": [0.7004, 0.2991]}) (2016-12-10-16:20:55)]
[hue-alfred-workflow: request(put, /lights/9/state, {"xy": [0.4091, 0.518]}) (2016-12-10-16:20:55)]
[hue-alfred-workflow: request(put, /lights/1/state, {"xy": [0.675, 0.322]}) (2016-12-10-16:20:59)]
[hue-alfred-workflow: request(put, /lights/2/state, {"xy": [0.675, 0.322]}) (2016-12-10-16:20:59)]
[hue-alfred-workflow: request(put, /lights/3/state, {"xy": [0.167, 0.04]}) (2016-12-10-16:20:59)]
[hue-alfred-workflow: request(put, /lights/4/state, {"xy": [0.2641, 0.2318]}) (2016-12-10-16:20:59)]
[hue-alfred-workflow: request(put, /lights/5/state, {"xy": [0.638, 0.3493]}) (2016-12-10-16:20:59)]
[hue-alfred-workflow: request(put, /lights/6/state, {"xy": [0.167, 0.04]}) (2016-12-10-16:20:59)]
[hue-alfred-workflow: request(put, /lights/7/state, {"xy": [0.7004, 0.2991]}) (2016-12-10-16:20:59)]
[hue-alfred-workflow: request(put, /lights/9/state, {"xy": [0.4091, 0.518]}) (2016-12-10-16:20:59)]
[hue-alfred-workflow: request(put, /lights/1/state, {"xy": [0.675, 0.322]}) (2016-12-10-16:21:03)]
[hue-alfred-workflow: request(put, /lights/2/state, {"xy": [0.675, 0.322]}) (2016-12-10-16:21:03)]
[hue-alfred-workflow: request(put, /lights/3/state, {"xy": [0.167, 0.04]}) (2016-12-10-16:21:03)]
[hue-alfred-workflow: request(put, /lights/4/state, {"xy": [0.2641, 0.2318]}) (2016-12-10-16:21:03)]
[hue-alfred-workflow: request(put, /lights/5/state, {"xy": [0.638, 0.3493]}) (2016-12-10-16:21:03)]
[hue-alfred-workflow: request(put, /lights/6/state, {"xy": [0.167, 0.04]}) (2016-12-10-16:21:03)]
[hue-alfred-workflow: request(put, /lights/7/state, {"xy": [0.7004, 0.2991]}) (2016-12-10-16:21:04)]
[hue-alfred-workflow: request(put, /lights/9/state, {"xy": [0.4091, 0.518]}) (2016-12-10-16:21:04)]
[hue-alfred-workflow: request(put, /lights/1/state, {"xy": [0.675, 0.322]}) (2016-12-10-16:21:08)]
[hue-alfred-workflow: request(put, /lights/2/state, {"xy": [0.675, 0.322]}) (2016-12-10-16:21:08)]
[hue-alfred-workflow: request(put, /lights/3/state, {"xy": [0.167, 0.04]}) (2016-12-10-16:21:08)]
[hue-alfred-workflow: request(put, /lights/4/state, {"xy": [0.2641, 0.2318]}) (2016-12-10-16:21:08)]
[hue-alfred-workflow: request(put, /lights/5/state, {"xy": [0.638, 0.3493]}) (2016-12-10-16:21:08)]
[hue-alfred-workflow: request(put, /lights/6/state, {"xy": [0.167, 0.04]}) (2016-12-10-16:21:08)]
[hue-alfred-workflow: request(put, /lights/7/state, {"xy": [0.7004, 0.2991]}) (2016-12-10-16:21:08)]
[hue-alfred-workflow: request(put, /lights/9/state, {"xy": [0.4091, 0.518]}) (2016-12-10-16:21:08)]
[hue-alfred-workflow: request(put, /lights/1/state, {"xy": [0.675, 0.322]}) (2016-12-10-16:21:12)]
[hue-alfred-workflow: request(put, /lights/2/state, {"xy": [0.675, 0.322]}) (2016-12-10-16:21:12)]
[hue-alfred-workflow: request(put, /lights/3/state, {"xy": [0.167, 0.04]}) (2016-12-10-16:21:12)]
[hue-alfred-workflow: request(put, /lights/4/state, {"xy": [0.2641, 0.2318]}) (2016-12-10-16:21:12)]
[hue-alfred-workflow: request(put, /lights/5/state, {"xy": [0.638, 0.3493]}) (2016-12-10-16:21:12)]
[hue-alfred-workflow: request(put, /lights/6/state, {"xy": [0.167, 0.04]}) (2016-12-10-16:21:12)]
[hue-alfred-workflow: request(put, /lights/7/state, {"xy": [0.7004, 0.2991]}) (2016-12-10-16:21:12)]
[hue-alfred-workflow: request(put, /lights/9/state, {"xy": [0.4091, 0.518]}) (2016-12-10-16:21:12)]
[hue-alfred-workflow: request(put, /lights/1/state, {"xy": [0.167, 0.04]}) (2016-12-10-16:21:15)]
[hue-alfred-workflow: request(put, /lights/2/state, {"xy": [0.675, 0.322]}) (2016-12-10-16:21:15)]
[hue-alfred-workflow: request(put, /lights/3/state, {"xy": [0.167, 0.04]}) (2016-12-10-16:21:15)]
[hue-alfred-workflow: request(put, /lights/4/state, {"xy": [0.2641, 0.2318]}) (2016-12-10-16:21:15)]
[hue-alfred-workflow: request(put, /lights/5/state, {"xy": [0.638, 0.3493]}) (2016-12-10-16:21:15)]
[hue-alfred-workflow: request(put, /lights/6/state, {"xy": [0.675, 0.322]}) (2016-12-10-16:21:15)]
[hue-alfred-workflow: request(put, /lights/7/state, {"xy": [0.7004, 0.2991]}) (2016-12-10-16:21:15)]
[hue-alfred-workflow: request(put, /lights/9/state, {"xy": [0.4091, 0.518]}) (2016-12-10-16:21:15)]
[hue-alfred-workflow: request(put, /lights/3/state, {"on": true}) (2016-12-10-16:21:24)]
[hue-alfred-workflow: request(put, /lights/1/state, {"xy": [0.675, 0.322]}) (2016-12-10-16:21:30)]
[hue-alfred-workflow: request(put, /lights/2/state, {"xy": [0.6380015691106604, 0.3492722544351657]}) (2016-12-10-16:21:30)]
[hue-alfred-workflow: request(put, /lights/3/state, {"xy": [0.2872991372772481, 0.1095638192940214]}) (2016-12-10-16:21:30)]
[hue-alfred-workflow: request(put, /lights/4/state, {"xy": [0.5105991647264564, 0.4431830150944511]}) (2016-12-10-16:21:30)]
[hue-alfred-workflow: request(put, /lights/5/state, {"xy": [0.167, 0.04]}) (2016-12-10-16:21:30)]
[hue-alfred-workflow: request(put, /lights/6/state, {"xy": [0.4091, 0.518]}) (2016-12-10-16:21:30)]
[hue-alfred-workflow: request(put, /lights/7/state, {"xy": [0.26411730151494395, 0.23174750154540763]}) (2016-12-10-16:21:30)]
[hue-alfred-workflow: request(put, /lights/9/state, {"xy": [0.4091, 0.518]}) (2016-12-10-16:21:30)]
[hue-alfred-workflow: request(put, /lights/1/state, {"xy": [0.2873, 0.1096]}) (2016-12-10-16:21:36)]
[hue-alfred-workflow: request(put, /lights/2/state, {"xy": [0.675, 0.322]}) (2016-12-10-16:21:36)]
[hue-alfred-workflow: request(put, /lights/3/state, {"xy": [0.4091, 0.518]}) (2016-12-10-16:21:36)]
[hue-alfred-workflow: request(put, /lights/4/state, {"xy": [0.2641, 0.2318]}) (2016-12-10-16:21:36)]
[hue-alfred-workflow: request(put, /lights/5/state, {"xy": [0.638, 0.3493]}) (2016-12-10-16:21:36)]
[hue-alfred-workflow: request(put, /lights/6/state, {"xy": [0.675, 0.322]}) (2016-12-10-16:21:36)]
[hue-alfred-workflow: request(put, /lights/7/state, {"xy": [0.7004, 0.2991]}) (2016-12-10-16:21:36)]
[hue-alfred-workflow: request(put, /lights/9/state, {"xy": [0.4091, 0.518]}) (2016-12-10-16:21:36)]
[hue-alfred-workflow: request(put, /lights/1/state, {"xy": [0.4091, 0.518]}) (2016-12-10-16:21:41)]
[hue-alfred-workflow: request(put, /lights/2/state, {"xy": [0.675, 0.322]}) (2016-12-10-16:21:41)]
[hue-alfred-workflow: request(put, /lights/3/state, {"xy": [0.2873, 0.1096]}) (2016-12-10-16:21:41)]
[hue-alfred-workflow: request(put, /lights/4/state, {"xy": [0.2641, 0.2318]}) (2016-12-10-16:21:41)]
[hue-alfred-workflow: request(put, /lights/5/state, {"xy": [0.638, 0.3493]}) (2016-12-10-16:21:41)]
[hue-alfred-workflow: request(put, /lights/6/state, {"xy": [0.675, 0.322]}) (2016-12-10-16:21:41)]
[hue-alfred-workflow: request(put, /lights/7/state, {"xy": [0.7004, 0.2991]}) (2016-12-10-16:21:41)]
[hue-alfred-workflow: request(put, /lights/9/state, {"xy": [0.4091, 0.518]}) (2016-12-10-16:21:41)]
[hue-alfred-workflow: request(put, /lights/1/state, {"xy": [0.2872991372772481, 0.1095638192940214]}) (2016-12-10-16:26:31)]
[hue-alfred-workflow: request(put, /lights/2/state, {"xy": [0.675, 0.322]}) (2016-12-10-16:26:31)]
[hue-alfred-workflow: request(put, /lights/3/state, {"xy": [0.6380015691106604, 0.3492722544351657]}) (2016-12-10-16:26:31)]
[hue-alfred-workflow: request(put, /lights/4/state, {"xy": [0.2641, 0.2318]}) (2016-12-10-16:26:31)]
[hue-alfred-workflow: request(put, /lights/5/state, {"xy": [0.638, 0.3493]}) (2016-12-10-16:26:31)]
[hue-alfred-workflow: request(put, /lights/6/state, {"xy": [0.675, 0.322]}) (2016-12-10-16:26:31)]
[hue-alfred-workflow: request(put, /lights/7/state, {"xy": [0.7004, 0.2991]}) (2016-12-10-16:26:31)]
[hue-alfred-workflow: request(put, /lights/9/state, {"xy": [0.4091, 0.518]}) (2016-12-10-16:26:31)]
[hue-alfred-workflow: request(put, /lights/1/state, {"xy": [0.675, 0.322]}) (2016-12-10-16:26:41)]
[hue-alfred-workflow: request(put, /lights/2/state, {"xy": [0.675, 0.322]}) (2016-12-10-16:26:41)]
[hue-alfred-workflow: request(put, /lights/3/state, {"xy": [0.638, 0.3493]}) (2016-12-10-16:26:41)]
[hue-alfred-workflow: request(put, /lights/4/state, {"xy": [0.2641, 0.2318]}) (2016-12-10-16:26:41)]
[hue-alfred-workflow: request(put, /lights/5/state, {"xy": [0.638, 0.3493]}) (2016-12-10-16:26:41)]
[hue-alfred-workflow: request(put, /lights/6/state, {"xy": [0.2872, 0.1093]}) (2016-12-10-16:26:41)]
[hue-alfred-workflow: request(put, /lights/7/state, {"xy": [0.7004, 0.2991]}) (2016-12-10-16:26:41)]
[hue-alfred-workflow: request(put, /lights/9/state, {"xy": [0.4091, 0.518]}) (2016-12-10-16:26:41)]
[hue-alfred-workflow: request(put, /lights/1/state, {"xy": [0.2474512077820365, 0.19884212028010506]}) (2016-12-10-16:28:16)]
[hue-alfred-workflow: request(put, /lights/2/state, {"xy": [0.675, 0.322]}) (2016-12-10-16:28:16)]
[hue-alfred-workflow: request(put, /lights/3/state, {"xy": [0.3216584786622427, 0.125853722406993]}) (2016-12-10-16:28:16)]
[hue-alfred-workflow: request(put, /lights/4/state, {"xy": [0.2641, 0.2318]}) (2016-12-10-16:28:16)]
[hue-alfred-workflow: request(put, /lights/5/state, {"xy": [0.638, 0.3493]}) (2016-12-10-16:28:16)]
[hue-alfred-workflow: request(put, /lights/6/state, {"xy": [0.167, 0.04]}) (2016-12-10-16:28:16)]
[hue-alfred-workflow: request(put, /lights/7/state, {"xy": [0.7004, 0.2991]}) (2016-12-10-16:28:16)]
[hue-alfred-workflow: request(put, /lights/9/state, {"xy": [0.4091, 0.518]}) (2016-12-10-16:28:16)]
[hue-alfred-workflow: request(put, /lights/1/state, {"xy": [0.21594230694035899, 0.136631237990465]}) (2016-12-10-16:28:30)]
[hue-alfred-workflow: request(put, /lights/2/state, {"xy": [0.675, 0.322]}) (2016-12-10-16:28:30)]
[hue-alfred-workflow: request(put, /lights/3/state, {"xy": [0.4364452071174336, 0.49784332232035733]}) (2016-12-10-16:28:30)]
[hue-alfred-workflow: request(put, /lights/4/state, {"xy": [0.2641, 0.2318]}) (2016-12-10-16:28:30)]
[hue-alfred-workflow: request(put, /lights/5/state, {"xy": [0.638, 0.3493]}) (2016-12-10-16:28:30)]
[hue-alfred-workflow: request(put, /lights/6/state, {"xy": [0.675, 0.322]}) (2016-12-10-16:28:30)]
[hue-alfred-workflow: request(put, /lights/7/state, {"xy": [0.7004, 0.2991]}) (2016-12-10-16:28:30)]
[hue-alfred-workflow: request(put, /lights/9/state, {"xy": [0.4091, 0.518]}) (2016-12-10-16:28:30)]
[hue-alfred-workflow: request(put, /lights/1/state, {"xy": [0.2159, 0.1366]}) (2016-12-10-16:28:36)]
[hue-alfred-workflow: request(put, /lights/2/state, {"xy": [0.675, 0.322]}) (2016-12-10-16:28:36)]
[hue-alfred-workflow: request(put, /lights/3/state, {"xy": [0.675, 0.322]}) (2016-12-10-16:28:36)]
[hue-alfred-workflow: request(put, /lights/4/state, {"xy": [0.2641, 0.2318]}) (2016-12-10-16:28:36)]
[hue-alfred-workflow: request(put, /lights/5/state, {"xy": [0.638, 0.3493]}) (2016-12-10-16:28:36)]
[hue-alfred-workflow: request(put, /lights/6/state, {"xy": [0.4364, 0.4978]}) (2016-12-10-16:28:36)]
[hue-alfred-workflow: request(put, /lights/7/state, {"xy": [0.7004, 0.2991]}) (2016-12-10-16:28:36)]
[hue-alfred-workflow: request(put, /lights/9/state, {"xy": [0.4091, 0.518]}) (2016-12-10-16:28:36)]
[hue-alfred-workflow: request(put, /lights/1/state, {"xy": [0.2159, 0.1366]}) (2016-12-10-16:28:40)]
[hue-alfred-workflow: request(put, /lights/2/state, {"xy": [0.675, 0.322]}) (2016-12-10-16:28:40)]
[hue-alfred-workflow: request(put, /lights/3/state, {"xy": [0.4364, 0.4978]}) (2016-12-10-16:28:40)]
[hue-alfred-workflow: request(put, /lights/4/state, {"xy": [0.2641, 0.2318]}) (2016-12-10-16:28:40)]
[hue-alfred-workflow: request(put, /lights/5/state, {"xy": [0.638, 0.3493]}) (2016-12-10-16:28:40)]
[hue-alfred-workflow: request(put, /lights/6/state, {"xy": [0.675, 0.322]}) (2016-12-10-16:28:40)]
[hue-alfred-workflow: request(put, /lights/7/state, {"xy": [0.7004, 0.2991]}) (2016-12-10-16:28:40)]
[hue-alfred-workflow: request(put, /lights/9/state, {"xy": [0.4091, 0.518]}) (2016-12-10-16:28:40)]
[hue-alfred-workflow: request(put, /groups/0/action, {"xy": [0.32272672086556803, 0.3290229095590793]}) (2016-12-10-16:54:53)]
[hue-alfred-workflow: request(put, /groups/0/action, {"bri": 255}) (2016-12-10-16:55:03)]
[hue-alfred-workflow: request(put, /groups/0/action, {"xy": [0.4440555539955896, 0.5164396958752885]}) (2016-12-10-16:55:14)]
[hue-alfred-workflow: request(put, /lights/1/state, {"xy": [0.167, 0.04]}) (2016-12-10-23:21:34)]
[hue-alfred-workflow: request(put, /lights/2/state, {"xy": [0.5105991647264564, 0.4431830150944511]}) (2016-12-10-23:21:34)]
[hue-alfred-workflow: request(put, /lights/3/state, {"xy": [0.2872991372772481, 0.1095638192940214]}) (2016-12-10-23:21:34)]
[hue-alfred-workflow: request(put, /lights/4/state, {"xy": [0.2641, 0.2318]}) (2016-12-10-23:21:34)]
[hue-alfred-workflow: request(put, /lights/5/state, {"xy": [0.638, 0.3493]}) (2016-12-10-23:21:34)]
[hue-alfred-workflow: request(put, /lights/6/state, {"xy": [0.6380015691106604, 0.3492722544351657]}) (2016-12-10-23:21:34)]
[hue-alfred-workflow: request(put, /lights/7/state, {"xy": [0.675, 0.322]}) (2016-12-10-23:21:34)]
[hue-alfred-workflow: request(put, /lights/9/state, {"xy": [0.4091, 0.518]}) (2016-12-10-23:21:34)]
[hue-alfred-workflow: request(put, /lights/1/state, {"xy": [0.167, 0.04]}) (2016-12-10-23:21:40)]
[hue-alfred-workflow: request(put, /lights/2/state, {"xy": [0.638, 0.3493]}) (2016-12-10-23:21:40)]
[hue-alfred-workflow: request(put, /lights/3/state, {"xy": [0.675, 0.322]}) (2016-12-10-23:21:40)]
[hue-alfred-workflow: request(put, /lights/4/state, {"xy": [0.2641, 0.2318]}) (2016-12-10-23:21:40)]
[hue-alfred-workflow: request(put, /lights/5/state, {"xy": [0.638, 0.3493]}) (2016-12-10-23:21:40)]
[hue-alfred-workflow: request(put, /lights/6/state, {"xy": [0.2873, 0.1096]}) (2016-12-10-23:21:40)]
[hue-alfred-workflow: request(put, /lights/7/state, {"xy": [0.5106, 0.4432]}) (2016-12-10-23:21:40)]
[hue-alfred-workflow: request(put, /lights/9/state, {"xy": [0.4091, 0.518]}) (2016-12-10-23:21:40)]
[hue-alfred-workflow: request(put, /lights/1/state, {"xy": [0.167, 0.04]}) (2016-12-10-23:21:45)]
[hue-alfred-workflow: request(put, /lights/2/state, {"xy": [0.638, 0.3493]}) (2016-12-10-23:21:45)]
[hue-alfred-workflow: request(put, /lights/3/state, {"xy": [0.675, 0.322]}) (2016-12-10-23:21:45)]
[hue-alfred-workflow: request(put, /lights/4/state, {"xy": [0.2641, 0.2318]}) (2016-12-10-23:21:45)]
[hue-alfred-workflow: request(put, /lights/5/state, {"xy": [0.638, 0.3493]}) (2016-12-10-23:21:45)]
[hue-alfred-workflow: request(put, /lights/6/state, {"xy": [0.2873, 0.1096]}) (2016-12-10-23:21:45)]
[hue-alfred-workflow: request(put, /lights/7/state, {"xy": [0.5106, 0.4432]}) (2016-12-10-23:21:45)]
[hue-alfred-workflow: request(put, /lights/9/state, {"xy": [0.4091, 0.518]}) (2016-12-10-23:21:45)]
[hue-alfred-workflow: request(put, /lights/1/state, {"xy": [0.638, 0.3493]}) (2016-12-10-23:21:50)]
[hue-alfred-workflow: request(put, /lights/2/state, {"xy": [0.675, 0.322]}) (2016-12-10-23:21:50)]
[hue-alfred-workflow: request(put, /lights/3/state, {"xy": [0.2873, 0.1096]}) (2016-12-10-23:21:50)]
[hue-alfred-workflow: request(put, /lights/4/state, {"xy": [0.2641, 0.2318]}) (2016-12-10-23:21:50)]
[hue-alfred-workflow: request(put, /lights/5/state, {"xy": [0.638, 0.3493]}) (2016-12-10-23:21:50)]
[hue-alfred-workflow: request(put, /lights/6/state, {"xy": [0.167, 0.04]}) (2016-12-10-23:21:50)]
[hue-alfred-workflow: request(put, /lights/7/state, {"xy": [0.5106, 0.4432]}) (2016-12-10-23:21:50)]
[hue-alfred-workflow: request(put, /lights/9/state, {"xy": [0.4091, 0.518]}) (2016-12-10-23:21:50)]
[hue-alfred-workflow: request(put, /lights/7/state, {"on": false}) (2016-12-10-23:22:03)]
[hue-alfred-workflow: request(put, /lights/1/state, {"xy": [0.21594230694035899, 0.136631237990465]}) (2016-12-10-23:22:08)]
[hue-alfred-workflow: request(put, /lights/2/state, {"xy": [0.4091, 0.518]}) (2016-12-10-23:22:08)]
[hue-alfred-workflow: request(put, /lights/3/state, {"xy": [0.31469821510451673, 0.3316139893430772]}) (2016-12-10-23:22:08)]
[hue-alfred-workflow: request(put, /lights/4/state, {"xy": [0.2641, 0.2318]}) (2016-12-10-23:22:08)]
[hue-alfred-workflow: request(put, /lights/5/state, {"xy": [0.638, 0.3493]}) (2016-12-10-23:22:08)]
[hue-alfred-workflow: request(put, /lights/6/state, {"xy": [0.675, 0.322]}) (2016-12-10-23:22:08)]
[hue-alfred-workflow: request(put, /lights/7/state, {"xy": [0.5106, 0.4432]}) (2016-12-10-23:22:08)]
[hue-alfred-workflow: request(put, /lights/9/state, {"xy": [0.4091, 0.518]}) (2016-12-10-23:22:08)]
[hue-alfred-workflow: request(put, /lights/1/state, {"xy": [0.675, 0.322]}) (2016-12-10-23:22:17)]
[hue-alfred-workflow: request(put, /lights/2/state, {"xy": [0.2159, 0.1365]}) (2016-12-10-23:22:17)]
[hue-alfred-workflow: request(put, /lights/3/state, {"xy": [0.3146, 0.3315]}) (2016-12-10-23:22:17)]
[hue-alfred-workflow: request(put, /lights/4/state, {"xy": [0.2641, 0.2318]}) (2016-12-10-23:22:17)]
[hue-alfred-workflow: request(put, /lights/5/state, {"xy": [0.638, 0.3493]}) (2016-12-10-23:22:17)]
[hue-alfred-workflow: request(put, /lights/6/state, {"xy": [0.4091, 0.518]}) (2016-12-10-23:22:17)]
[hue-alfred-workflow: request(put, /lights/7/state, {"xy": [0.5106, 0.4432]}) (2016-12-10-23:22:17)]
[hue-alfred-workflow: request(put, /lights/9/state, {"xy": [0.4091, 0.518]}) (2016-12-10-23:22:17)]
[hue-alfred-workflow: request(put, /lights/1/state, {"xy": [0.2518430622118019, 0.09328697497467775]}) (2016-12-10-23:22:36)]
[hue-alfred-workflow: request(put, /lights/2/state, {"xy": [0.2809729441596876, 0.2650271264284621]}) (2016-12-10-23:22:36)]
[hue-alfred-workflow: request(put, /lights/3/state, {"xy": [0.167, 0.04]}) (2016-12-10-23:22:36)]
[hue-alfred-workflow: request(put, /lights/4/state, {"xy": [0.2641, 0.2318]}) (2016-12-10-23:22:36)]
[hue-alfred-workflow: request(put, /lights/5/state, {"xy": [0.638, 0.3493]}) (2016-12-10-23:22:36)]
[hue-alfred-workflow: request(put, /lights/6/state, {"xy": [0.563840084617842, 0.4039381098717676]}) (2016-12-10-23:22:36)]
[hue-alfred-workflow: request(put, /lights/7/state, {"xy": [0.5106, 0.4432]}) (2016-12-10-23:22:36)]
[hue-alfred-workflow: request(put, /lights/9/state, {"xy": [0.4091, 0.518]}) (2016-12-10-23:22:36)]
[hue-alfred-workflow: request(put, /lights/6/state, {"bri": 127}) (2016-12-10-23:22:50)]
[hue-alfred-workflow: request(put, /lights/1/state, {"xy": [0.3944, 0.2955]}) (2017-03-12-16:35:57)]
[hue-alfred-workflow: request(put, /lights/2/state, {"xy": [0.5029, 0.2661]}) (2017-03-12-16:35:57)]
[hue-alfred-workflow: request(put, /lights/3/state, {"xy": [0.3944, 0.2955]}) (2017-03-12-16:35:57)]
[hue-alfred-workflow: request(put, /lights/1/state, {"xy": [0.17000000000000004, 0.7]}) (2017-03-12-16:36:48)]
[hue-alfred-workflow: request(put, /lights/2/state, {"xy": [0.511006074826659, 0.4439188097087158]}) (2017-03-12-16:36:48)]
[hue-alfred-workflow: request(put, /lights/3/state, {"xy": [0.692, 0.308]}) (2017-03-12-16:36:48)]
[hue-alfred-workflow: request(put, /lights/1/state, {"xy": [0.28603959638442744, 0.11217494445259954]}) (2017-03-12-16:37:06)]
[hue-alfred-workflow: request(put, /lights/2/state, {"xy": [0.6376383090587452, 0.3488233387911338]}) (2017-03-12-16:37:06)]
[hue-alfred-workflow: request(put, /lights/3/state, {"xy": [0.692, 0.308]}) (2017-03-12-16:37:06)]
[hue-alfred-workflow: request(put, /lights/1/state, {"xy": [0.17000000000000004, 0.7]}) (2017-03-12-16:37:25)]
[hue-alfred-workflow: request(put, /lights/2/state, {"xy": [0.511006074826659, 0.4439188097087158]}) (2017-03-12-16:37:25)]
[hue-alfred-workflow: request(put, /lights/3/state, {"xy": [0.692, 0.308]}) (2017-03-12-16:37:26)]
[hue-alfred-workflow: request(post, /schedules, {"command": {"body": {"alert": "lselect"}, "method": "PUT", "address": "/api/aMPgDOqFSaM5-DM9RLinZD-lJgHhX8nQ6lnt-4VH/groups/0/action"}, "name": "Alfred Hue Reminder", "time": "2017-03-12T13:38:12"}) (2017-03-12-16:37:54)]
[hue-alfred-workflow: request(put, /lights/1/state, {"on": true, "xy": [0.5029, 0.2661], "bri": 214}) (2017-03-12-20:11:49)]
[hue-alfred-workflow: request(put, /lights/3/state, {"on": true, "xy": [0.3944, 0.2955], "bri": 214}) (2017-03-12-20:11:51)]
[hue-alfred-workflow: request(put, /lights/2/state, {"on": true, "xy": [0.3944, 0.2955], "bri": 77}) (2017-03-12-20:11:51)]
[hue-alfred-workflow: request(put, /lights/1/state, {"on": true, "xy": [0.5029, 0.2661], "bri": 214}) (2017-03-12-21:03:05)]
[hue-alfred-workflow: request(put, /lights/3/state, {"on": true, "xy": [0.3944, 0.2955], "bri": 214}) (2017-03-12-21:03:05)]
[hue-alfred-workflow: request(put, /lights/2/state, {"on": true, "xy": [0.3944, 0.2955], "bri": 77}) (2017-03-12-21:03:05)]
[hue-alfred-workflow: request(put, /lights/1/state, {"on": true, "xy": [0.5029, 0.2661], "bri": 214}) (2017-03-12-21:04:38)]
[hue-alfred-workflow: request(put, /lights/3/state, {"on": true, "xy": [0.3944, 0.2955], "bri": 214}) (2017-03-12-21:04:38)]
[hue-alfred-workflow: request(put, /lights/2/state, {"on": true, "xy": [0.3944, 0.2955], "bri": 77}) (2017-03-12-21:04:38)]
[hue-alfred-workflow: request(put, /lights/1/state, {"on": true, "xy": [0.5029, 0.2661], "bri": 214}) (2017-03-13-13:50:32)]
[hue-alfred-workflow: request(put, /lights/3/state, {"on": true, "xy": [0.3944, 0.2955], "bri": 214}) (2017-03-13-13:50:32)]
[hue-alfred-workflow: request(put, /lights/2/state, {"on": true, "xy": [0.3944, 0.2955], "bri": 77}) (2017-03-13-13:50:32)]
[hue-alfred-workflow: request(post, /schedules, {"command": {"body": {"alert": "lselect"}, "method": "PUT", "address": "/api/aMPgDOqFSaM5-DM9RLinZD-lJgHhX8nQ6lnt-4VH/groups/0/action"}, "name": "Alfred Hue Reminder", "time": "2017-03-13T11:12:23"}) (2017-03-13-14:12:18)]
[hue-alfred-workflow: request(put, /lights/1/state, {"on": true, "xy": [0.5029, 0.2661], "bri": 214}) (2017-03-13-14:49:19)]
[hue-alfred-workflow: request(put, /lights/3/state, {"on": true, "xy": [0.3944, 0.2955], "bri": 214}) (2017-03-13-14:49:19)]
[hue-alfred-workflow: request(put, /lights/2/state, {"on": true, "xy": [0.3944, 0.2955], "bri": 77}) (2017-03-13-14:49:19)]
[hue-alfred-workflow: request(put, /lights/1/state, {"on": true, "xy": [0.5029, 0.2661], "bri": 214}) (2017-03-13-15:44:27)]
[hue-alfred-workflow: request(put, /lights/3/state, {"on": true, "xy": [0.3944, 0.2955], "bri": 214}) (2017-03-13-15:44:27)]
[hue-alfred-workflow: request(put, /lights/2/state, {"on": true, "xy": [0.3944, 0.2955], "bri": 77}) (2017-03-13-15:44:27)]
[hue-alfred-workflow: request(post, /schedules, {"command": {"body": {"alert": "lselect"}, "method": "PUT", "address": "/api/aMPgDOqFSaM5-DM9RLinZD-lJgHhX8nQ6lnt-4VH/groups/0/action"}, "name": "Alfred Hue Reminder", "time": "2017-03-13T13:02:08"}) (2017-03-13-16:02:03)]
[hue-alfred-workflow: request(put, /lights/1/state, {"on": true, "xy": [0.5029, 0.2661], "bri": 214}) (2017-03-13-16:02:21)]
[hue-alfred-workflow: request(put, /lights/3/state, {"on": true, "xy": [0.3944, 0.2955], "bri": 214}) (2017-03-13-16:02:21)]
[hue-alfred-workflow: request(put, /lights/2/state, {"on": true, "xy": [0.3944, 0.2955], "bri": 77}) (2017-03-13-16:02:21)]
[hue-alfred-workflow: request(post, /schedules, {"command": {"body": {"alert": "lselect"}, "method": "PUT", "address": "/api/aMPgDOqFSaM5-DM9RLinZD-lJgHhX8nQ6lnt-4VH/groups/0/action"}, "name": "Alfred Hue Reminder", "time": "2017-03-13T13:02:49"}) (2017-03-13-16:02:44)]
[hue-alfred-workflow: request(put, /lights/1/state, {"on": true, "xy": [0.5029, 0.2661], "bri": 214}) (2017-03-13-16:02:53)]
[hue-alfred-workflow: request(put, /lights/3/state, {"on": true, "xy": [0.3944, 0.2955], "bri": 214}) (2017-03-13-16:02:53)]
[hue-alfred-workflow: request(put, /lights/2/state, {"on": true, "xy": [0.3944, 0.2955], "bri": 77}) (2017-03-13-16:02:53)]
[hue-alfred-workflow: request(put, /lights/1/state, {"on": true, "xy": [0.5029, 0.2661], "bri": 214}) (2017-03-13-16:03:02)]
[hue-alfred-workflow: request(put, /lights/3/state, {"on": true, "xy": [0.3944, 0.2955], "bri": 214}) (2017-03-13-16:03:02)]
[hue-alfred-workflow: request(put, /lights/2/state, {"on": true, "xy": [0.3944, 0.2955], "bri": 77}) (2017-03-13-16:03:02)]
[hue-alfred-workflow: request(post, /schedules, {"command": {"body": {"alert": "lselect"}, "method": "PUT", "address": "/api/aMPgDOqFSaM5-DM9RLinZD-lJgHhX8nQ6lnt-4VH/groups/0/action"}, "name": "Alfred Hue Reminder", "time": "2017-03-13T13:04:05"}) (2017-03-13-16:04:00)]
[hue-alfred-workflow: request(post, /schedules, {"command": {"body": {"alert": "lselect"}, "method": "PUT", "address": "/api/aMPgDOqFSaM5-DM9RLinZD-lJgHhX8nQ6lnt-4VH/groups/0/action"}, "name": "Alfred Hue Reminder", "time": "2017-03-13T13:05:38"}) (2017-03-13-16:05:33)]
[hue-alfred-workflow: request(post, /schedules, {"command": {"body": {"alert": "lselect"}, "method": "PUT", "address": "/api/aMPgDOqFSaM5-DM9RLinZD-lJgHhX8nQ6lnt-4VH/groups/0/action"}, "name": "Alfred Hue Reminder", "time": "2017-03-13T13:10:02"}) (2017-03-13-16:09:57)]
[hue-alfred-workflow: request(post, /schedules, {"command": {"body": {"alert": "lselect"}, "method": "PUT", "address": "/api/aMPgDOqFSaM5-DM9RLinZD-lJgHhX8nQ6lnt-4VH/groups/0/action"}, "name": "Alfred Hue Reminder", "time": "2017-03-13T13:12:28"}) (2017-03-13-16:12:23)]
[hue-alfred-workflow: request(post, /schedules, {"command": {"body": {"alert": "lselect"}, "method": "PUT", "address": "/api/aMPgDOqFSaM5-DM9RLinZD-lJgHhX8nQ6lnt-4VH/groups/0/action"}, "name": "Alfred Hue Reminder", "time": "2017-03-13T13:12:45"}) (2017-03-13-16:12:40)]
[hue-alfred-workflow: request(post, /schedules, {"command": {"body": {"alert": "lselect"}, "method": "PUT", "address": "/api/aMPgDOqFSaM5-DM9RLinZD-lJgHhX8nQ6lnt-4VH/groups/0/action"}, "name": "Alfred Hue Reminder", "time": "2017-03-13T13:16:35"}) (2017-03-13-16:16:32)]
[hue-alfred-workflow: request(post, /schedules, {"command": {"body": {"alert": "lselect"}, "method": "PUT", "address": "/api/aMPgDOqFSaM5-DM9RLinZD-lJgHhX8nQ6lnt-4VH/groups/0/action"}, "name": "Alfred Hue Reminder", "time": "2017-03-13T13:16:58"}) (2017-03-13-16:16:48)]
[hue-alfred-workflow: request(post, /schedules, {"command": {"body": {"alert": "lselect"}, "method": "PUT", "address": "/api/aMPgDOqFSaM5-DM9RLinZD-lJgHhX8nQ6lnt-4VH/groups/0/action"}, "name": "Alfred Hue Reminder", "time": "2017-03-13T13:18:18"}) (2017-03-13-16:17:43)]
[hue-alfred-workflow: request(post, /schedules, {"command": {"body": {"alert": "lselect"}, "method": "PUT", "address": "/api/aMPgDOqFSaM5-DM9RLinZD-lJgHhX8nQ6lnt-4VH/groups/0/action"}, "name": "Alfred Hue Reminder", "time": "2017-03-13T13:35:03"}) (2017-03-13-16:34:53)]
[hue-alfred-workflow: request(post, /schedules, {"command": {"body": {"alert": "lselect"}, "method": "PUT", "address": "/api/aMPgDOqFSaM5-DM9RLinZD-lJgHhX8nQ6lnt-4VH/groups/0/action"}, "name": "Alfred Hue Reminder", "time": "2017-03-13T14:34:05"}) (2017-03-13-16:49:05)]
[hue-alfred-workflow: request(post, /schedules, {"command": {"body": {"alert": "lselect"}, "method": "PUT", "address": "/api/aMPgDOqFSaM5-DM9RLinZD-lJgHhX8nQ6lnt-4VH/groups/0/action"}, "name": "Alfred Hue Reminder", "time": "2017-03-13T16:00:28"}) (2017-03-13-18:50:28)]
[hue-alfred-workflow: request(put, /lights/1/state, {"xy": [0.38559529256384745, 0.16282433034088084]}) (2017-03-16-05:52:09)]
[hue-alfred-workflow: request(post, /schedules, {"command": {"body": {"alert": "lselect"}, "method": "PUT", "address": "/api/aMPgDOqFSaM5-DM9RLinZD-lJgHhX8nQ6lnt-4VH/groups/0/action"}, "name": "Alfred Hue Reminder", "time": "2017-03-18T11:04:49"}) (2017-03-18-14:04:46)]
[hue-alfred-workflow: request(post, /schedules, {"command": {"body": {"alert": "lselect"}, "method": "PUT", "address": "/api/aMPgDOqFSaM5-DM9RLinZD-lJgHhX8nQ6lnt-4VH/groups/0/action"}, "name": "Alfred Hue Reminder", "time": "2017-03-18T11:06:33"}) (2017-03-18-14:06:23)]
[hue-alfred-workflow: request(post, /schedules, {"command": {"body": {"alert": "lselect"}, "method": "PUT", "address": "/api/aMPgDOqFSaM5-DM9RLinZD-lJgHhX8nQ6lnt-4VH/groups/0/action"}, "name": "Alfred Hue Reminder", "time": "2017-03-18T11:06:46"}) (2017-03-18-14:06:41)]
[hue-alfred-workflow: request(post, /schedules, {"command": {"body": {"alert": "lselect"}, "method": "PUT", "address": "/api/aMPgDOqFSaM5-DM9RLinZD-lJgHhX8nQ6lnt-4VH/groups/0/action"}, "name": "Alfred Hue Reminder", "time": "2017-03-22T13:17:19"}) (2017-03-22-16:12:19)]
[hue-alfred-workflow: request(post, /schedules, {"command": {"body": {"alert": "lselect"}, "method": "PUT", "address": "/api/aMPgDOqFSaM5-DM9RLinZD-lJgHhX8nQ6lnt-4VH/groups/0/action"}, "name": "Alfred Hue Reminder", "time": "2017-03-25T15:04:23"}) (2017-03-25-18:04:18)]
[hue-alfred-workflow: request(post, /schedules, {"command": {"body": {"alert": "lselect"}, "method": "PUT", "address": "/api/bCpszeETHY2jyCdSZYtFfyPCACNBAUYCe07xUqJe/groups/0/action"}, "name": "Alfred Hue Reminder", "time": "2017-03-25T15:05:39"}) (2017-03-25-18:05:34)]
[hue-alfred-workflow: request(post, /schedules, {"command": {"body": {"alert": "lselect"}, "method": "PUT", "address": "/api/bCpszeETHY2jyCdSZYtFfyPCACNBAUYCe07xUqJe/groups/0/action"}, "name": "Alfred Hue Reminder", "time": "2017-03-25T15:06:06"}) (2017-03-25-18:06:05)]
[hue-alfred-workflow: request(post, /schedules, {"command": {"body": {"alert": "lselect"}, "method": "PUT", "address": "/api/bCpszeETHY2jyCdSZYtFfyPCACNBAUYCe07xUqJe/groups/0/action"}, "name": "Alfred Hue Reminder", "time": "2017-03-25T15:21:14"}) (2017-03-25-18:06:14)]
[hue-alfred-workflow: request(post, /schedules, {"command": {"body": {"alert": "lselect"}, "method": "PUT", "address": "/api/bCpszeETHY2jyCdSZYtFfyPCACNBAUYCe07xUqJe/groups/0/action"}, "name": "Alfred Hue Reminder", "time": "2017-03-26T05:48:19"}) (2017-03-26-08:43:19)]
[hue-alfred-workflow: request(post, /schedules, {"command": {"body": {"alert": "lselect"}, "method": "PUT", "address": "/api/bCpszeETHY2jyCdSZYtFfyPCACNBAUYCe07xUqJe/groups/0/action"}, "name": "Alfred Hue Reminder", "time": "2017-03-26T05:58:36"}) (2017-03-26-08:48:36)]
[hue-alfred-workflow: request(post, /schedules, {"command": {"body": {"alert": "lselect"}, "method": "PUT", "address": "/api/bCpszeETHY2jyCdSZYtFfyPCACNBAUYCe07xUqJe/groups/0/action"}, "name": "Alfred Hue Reminder", "time": "2017-03-26T06:15:15"}) (2017-03-26-09:15:10)]
[hue-alfred-workflow: request(post, /schedules, {"command": {"body": {"alert": "lselect"}, "method": "PUT", "address": "/api/bCpszeETHY2jyCdSZYtFfyPCACNBAUYCe07xUqJe/groups/0/action"}, "name": "Alfred Hue Reminder", "time": "2017-03-26T07:34:03"}) (2017-03-26-10:33:58)]
[timer-workflows: request(post, /schedules, {"command": {"body": {"alert": "lselect"}, "method": "PUT", "address": "/api/None/groups/0/action"}, "name": "Alfred Hue Reminder", "time": "2017-03-26T07:53:03"}) (2017-03-26-10:52:58)]
[timer-workflows: request(post, /schedules, {"command": {"body": {"alert": "lselect"}, "method": "PUT", "address": "/api/None/groups/0/action"}, "name": "Alfred Hue Reminder", "time": "2017-03-26T07:53:34"}) (2017-03-26-10:53:29)]
[timer-workflows: request(post, /schedules, {"command": {"body": {"alert": "lselect"}, "method": "PUT", "address": "/api/None/groups/0/action"}, "name": "Alfred Hue Reminder", "time": "2017-03-26T07:55:18"}) (2017-03-26-10:55:13)]
[timer-workflows: request(post, /schedules, {"command": {"body": {"alert": "lselect"}, "method": "PUT", "address": "/api/None/groups/0/action"}, "name": "Alfred Hue Reminder", "time": "2017-03-26T07:56:55"}) (2017-03-26-10:56:50)]
[timer-workflows: request(post, /schedules, {"command": {"body": {"alert": "lselect"}, "method": "PUT", "address": "/api/None/groups/0/action"}, "name": "Alfred Hue Reminder", "time": "2017-03-26T07:59:49"}) (2017-03-26-10:59:44)]
[hue-alfred-workflow: request(post, /schedules, {"command": {"body": {"alert": "lselect"}, "method": "PUT", "address": "/api/5ZCNY1biFVyxkd15wawShHoGPbioyjwdU5yonk5m/groups/0/action"}, "name": "Alfred Hue Reminder", "time": "2017-03-26T08:00:19"}) (2017-03-26-11:00:14)]
[fatih-alfred-workflow: request(post, /schedules, {"command": {"body": {"alert": "lselect"}, "method": "PUT", "address": "/api/O7QHf4bENzLHMGqKhhU8U89-1msCRG25zd6cLzNW/groups/0/action"}, "name": "Alfred Hue Reminder", "time": "2017-03-26T08:01:39"}) (2017-03-26-11:01:37)]
